[0.089s] Invoking command in '/home/angli/lab1_ws/build/lab1_pkg': CMAKE_PREFIX_PATH=${CMAKE_PREFIX_PATH}:/opt/ros/foxy /usr/bin/cmake --build /home/angli/lab1_ws/build/lab1_pkg -- -j16 -l16
[0.106s] -- Found ament_cmake: 0.9.12 (/opt/ros/foxy/share/ament_cmake/cmake)
[0.120s] -- Using PYTHON_EXECUTABLE: /usr/bin/python3
[0.222s] -- Found rclcpp: 2.4.3 (/opt/ros/foxy/share/rclcpp/cmake)
[0.241s] -- Using all available rosidl_typesupport_c: rosidl_typesupport_fastrtps_c;rosidl_typesupport_introspection_c
[0.243s] -- Found rosidl_adapter: 1.3.1 (/opt/ros/foxy/share/rosidl_adapter/cmake)
[0.319s] -- Using all available rosidl_typesupport_cpp: rosidl_typesupport_fastrtps_cpp;rosidl_typesupport_introspection_cpp
[0.348s] -- Found rmw_implementation_cmake: 1.0.4 (/opt/ros/foxy/share/rmw_implementation_cmake/cmake)
[0.349s] -- Using RMW implementation 'rmw_fastrtps_cpp' as default
[0.435s] -- Found rclpy: 1.0.13 (/opt/ros/foxy/share/rclpy/cmake)
[0.436s] -- Found ackermann_msgs: 2.0.2 (/opt/ros/foxy/share/ackermann_msgs/cmake)
[0.457s] -- Found ament_lint_auto: 0.9.8 (/opt/ros/foxy/share/ament_lint_auto/cmake)
[0.497s] -- Added test 'copyright' to check source files copyright and LICENSE
[0.498s] -- Added test 'cppcheck' to perform static code analysis on C / C++ code
[0.498s] -- Configured cppcheck include dirs: /home/angli/lab1_ws/src/lab1_pkg/include
[0.498s] -- Configured cppcheck exclude dirs and/or files: 
[0.498s] -- Added test 'cpplint' to check C / C++ code against the Google style
[0.498s] -- Configured cpplint exclude dirs and/or files: 
[0.498s] -- Added test 'flake8' to check Python code syntax and style conventions
[0.499s] -- Added test 'lint_cmake' to check CMake code style
[0.499s] -- Added test 'pep257' to check Python code against some of the style conventions in PEP 257
[0.499s] -- Added test 'uncrustify' to check C / C++ code style
[0.499s] -- Configured uncrustify additional arguments: 
[0.499s] -- Added test 'xmllint' to check XML markup files
[0.500s] -- Configuring done
[0.504s] -- Generating done
[0.505s] -- Build files have been written to: /home/angli/lab1_ws/build/lab1_pkg
[0.542s] [100%] Built target talker
[0.556s] Invoked command in '/home/angli/lab1_ws/build/lab1_pkg' returned '0': CMAKE_PREFIX_PATH=${CMAKE_PREFIX_PATH}:/opt/ros/foxy /usr/bin/cmake --build /home/angli/lab1_ws/build/lab1_pkg -- -j16 -l16
[0.595s] Invoking command in '/home/angli/lab1_ws/build/lab1_pkg': CMAKE_PREFIX_PATH=${CMAKE_PREFIX_PATH}:/opt/ros/foxy /usr/bin/cmake --install /home/angli/lab1_ws/build/lab1_pkg
[0.602s] -- Install configuration: ""
[0.602s] -- Up-to-date: /home/angli/lab1_ws/install/lab1_pkg/lib/lab1_pkg/talker
[0.602s] -- Up-to-date: /home/angli/lab1_ws/install/lab1_pkg/share/lab1_pkg/environment/pythonpath.sh
[0.602s] -- Installing: /home/angli/lab1_ws/install/lab1_pkg/share/lab1_pkg/environment/pythonpath.dsv
[0.602s] -- Up-to-date: /home/angli/lab1_ws/install/lab1_pkg/lib/python3.8/site-packages/lab1_pkg
[0.602s] -- Up-to-date: /home/angli/lab1_ws/install/lab1_pkg/lib/python3.8/site-packages/lab1_pkg/__init__.py
[0.621s] Listing '/home/angli/lab1_ws/install/lab1_pkg/lib/python3.8/site-packages/lab1_pkg'...
[0.623s] -- Up-to-date: /home/angli/lab1_ws/install/lab1_pkg/lib/lab1_pkg/relay.py
[0.623s] -- Installing: /home/angli/lab1_ws/install/lab1_pkg/share/lab1_pkg/launch
[0.623s] -- Installing: /home/angli/lab1_ws/install/lab1_pkg/share/lab1_pkg/launch/__pycache__
[0.623s] -- Installing: /home/angli/lab1_ws/install/lab1_pkg/share/lab1_pkg/launch/__pycache__/lab1_launch.cpython-38.pyc
[0.623s] -- Installing: /home/angli/lab1_ws/install/lab1_pkg/share/lab1_pkg/launch/lab1_launch.py
[0.624s] -- Up-to-date: /home/angli/lab1_ws/install/lab1_pkg/share/ament_index/resource_index/package_run_dependencies/lab1_pkg
[0.624s] -- Up-to-date: /home/angli/lab1_ws/install/lab1_pkg/share/ament_index/resource_index/parent_prefix_path/lab1_pkg
[0.624s] -- Up-to-date: /home/angli/lab1_ws/install/lab1_pkg/share/lab1_pkg/environment/ament_prefix_path.sh
[0.624s] -- Installing: /home/angli/lab1_ws/install/lab1_pkg/share/lab1_pkg/environment/ament_prefix_path.dsv
[0.624s] -- Up-to-date: /home/angli/lab1_ws/install/lab1_pkg/share/lab1_pkg/environment/path.sh
[0.624s] -- Installing: /home/angli/lab1_ws/install/lab1_pkg/share/lab1_pkg/environment/path.dsv
[0.624s] -- Up-to-date: /home/angli/lab1_ws/install/lab1_pkg/share/lab1_pkg/local_setup.bash
[0.624s] -- Up-to-date: /home/angli/lab1_ws/install/lab1_pkg/share/lab1_pkg/local_setup.sh
[0.624s] -- Up-to-date: /home/angli/lab1_ws/install/lab1_pkg/share/lab1_pkg/local_setup.zsh
[0.624s] -- Installing: /home/angli/lab1_ws/install/lab1_pkg/share/lab1_pkg/local_setup.dsv
[0.624s] -- Installing: /home/angli/lab1_ws/install/lab1_pkg/share/lab1_pkg/package.dsv
[0.624s] -- Up-to-date: /home/angli/lab1_ws/install/lab1_pkg/share/ament_index/resource_index/packages/lab1_pkg
[0.624s] -- Up-to-date: /home/angli/lab1_ws/install/lab1_pkg/share/lab1_pkg/cmake/lab1_pkgConfig.cmake
[0.624s] -- Up-to-date: /home/angli/lab1_ws/install/lab1_pkg/share/lab1_pkg/cmake/lab1_pkgConfig-version.cmake
[0.624s] -- Up-to-date: /home/angli/lab1_ws/install/lab1_pkg/share/lab1_pkg/package.xml
[0.626s] Invoked command in '/home/angli/lab1_ws/build/lab1_pkg' returned '0': CMAKE_PREFIX_PATH=${CMAKE_PREFIX_PATH}:/opt/ros/foxy /usr/bin/cmake --install /home/angli/lab1_ws/build/lab1_pkg
