[0.084s] Invoking command in '/home/angli/lab1_ws/build/lab1_pkg': CMAKE_PREFIX_PATH=${CMAKE_PREFIX_PATH}:/opt/ros/foxy /usr/bin/cmake --build /home/angli/lab1_ws/build/lab1_pkg -- -j16 -l16
[0.101s] -- Found ament_cmake: 0.9.12 (/opt/ros/foxy/share/ament_cmake/cmake)
[0.114s] -- Using PYTHON_EXECUTABLE: /usr/bin/python3
[0.212s] -- Found rclcpp: 2.4.3 (/opt/ros/foxy/share/rclcpp/cmake)
[0.230s] -- Using all available rosidl_typesupport_c: rosidl_typesupport_fastrtps_c;rosidl_typesupport_introspection_c
[0.232s] -- Found rosidl_adapter: 1.3.1 (/opt/ros/foxy/share/rosidl_adapter/cmake)
[0.304s] -- Using all available rosidl_typesupport_cpp: rosidl_typesupport_fastrtps_cpp;rosidl_typesupport_introspection_cpp
[0.332s] -- Found rmw_implementation_cmake: 1.0.4 (/opt/ros/foxy/share/rmw_implementation_cmake/cmake)
[0.333s] -- Using RMW implementation 'rmw_fastrtps_cpp' as default
[0.414s] -- Found rclpy: 1.0.13 (/opt/ros/foxy/share/rclpy/cmake)
[0.420s] CMake Error at CMakeLists.txt:24 (find_package):
[0.420s]   By not providing "Findackermann_msgs.cmake" in CMAKE_MODULE_PATH this
[0.420s]   project has asked CMake to find a package configuration file provided by
[0.420s]   "ackermann_msgs", but CMake did not find one.
[0.420s] 
[0.420s]   Could not find a package configuration file provided by "ackermann_msgs"
[0.420s]   with any of the following names:
[0.420s] 
[0.420s]     ackermann_msgsConfig.cmake
[0.421s]     ackermann_msgs-config.cmake
[0.421s] 
[0.421s]   Add the installation prefix of "ackermann_msgs" to CMAKE_PREFIX_PATH or set
[0.421s]   "ackermann_msgs_DIR" to a directory containing one of the above files.  If
[0.421s]   "ackermann_msgs" provides a separate development package or SDK, be sure it
[0.421s]   has been installed.
[0.421s] 
[0.421s] 
[0.421s] -- Configuring incomplete, errors occurred!
[0.421s] See also "/home/angli/lab1_ws/build/lab1_pkg/CMakeFiles/CMakeOutput.log".
[0.421s] See also "/home/angli/lab1_ws/build/lab1_pkg/CMakeFiles/CMakeError.log".
[0.424s] make: *** [Makefile:266: cmake_check_build_system] Error 1
[0.426s] Invoked command in '/home/angli/lab1_ws/build/lab1_pkg' returned '2': CMAKE_PREFIX_PATH=${CMAKE_PREFIX_PATH}:/opt/ros/foxy /usr/bin/cmake --build /home/angli/lab1_ws/build/lab1_pkg -- -j16 -l16
