[0.107s] Invoking command in '/home/angli/lab1_ws/build/lab1_pkg': CMAKE_PREFIX_PATH=${CMAKE_PREFIX_PATH}:/home/angli/ros2_ws/install/py_pkg:/opt/ros/foxy /usr/bin/cmake /home/angli/lab1_ws/src/lab1_pkg -DCMAKE_INSTALL_PREFIX=/home/angli/lab1_ws/install/lab1_pkg
[0.147s] -- The C compiler identification is GNU 9.4.0
[0.183s] -- The CXX compiler identification is GNU 9.4.0
[0.186s] -- Check for working C compiler: /usr/bin/cc
[0.237s] -- Check for working C compiler: /usr/bin/cc -- works
[0.237s] -- Detecting C compiler ABI info
[0.289s] -- Detecting C compiler ABI info - done
[0.296s] -- Detecting C compile features
[0.296s] -- Detecting C compile features - done
[0.297s] -- Check for working CXX compiler: /usr/bin/c++
[0.353s] -- Check for working CXX compiler: /usr/bin/c++ -- works
[0.354s] -- Detecting CXX compiler ABI info
[0.410s] -- Detecting CXX compiler ABI info - done
[0.417s] -- Detecting CXX compile features
[0.417s] -- Detecting CXX compile features - done
[0.418s] -- Found ament_cmake: 0.9.12 (/opt/ros/foxy/share/ament_cmake/cmake)
[0.433s] -- Found PythonInterp: /usr/bin/python3 (found suitable version "3.8.10", minimum required is "3") 
[0.433s] -- Using PYTHON_EXECUTABLE: /usr/bin/python3
[0.541s] -- Found rclcpp: 2.4.3 (/opt/ros/foxy/share/rclcpp/cmake)
[0.574s] -- Using all available rosidl_typesupport_c: rosidl_typesupport_fastrtps_c;rosidl_typesupport_introspection_c
[0.579s] -- Found rosidl_adapter: 1.3.1 (/opt/ros/foxy/share/rosidl_adapter/cmake)
[0.647s] -- Found OpenSSL: /usr/lib/x86_64-linux-gnu/libcrypto.so (found version "1.1.1f")  
[0.666s] -- Found FastRTPS: /opt/ros/foxy/include  
[0.717s] -- Using all available rosidl_typesupport_cpp: rosidl_typesupport_fastrtps_cpp;rosidl_typesupport_introspection_cpp
[0.756s] -- Found rmw_implementation_cmake: 1.0.4 (/opt/ros/foxy/share/rmw_implementation_cmake/cmake)
[0.757s] -- Using RMW implementation 'rmw_fastrtps_cpp' as default
[0.758s] -- Looking for pthread.h
[0.813s] -- Looking for pthread.h - found
[0.813s] -- Performing Test CMAKE_HAVE_LIBC_PTHREAD
[0.868s] -- Performing Test CMAKE_HAVE_LIBC_PTHREAD - Failed
[0.868s] -- Looking for pthread_create in pthreads
[0.918s] -- Looking for pthread_create in pthreads - not found
[0.918s] -- Looking for pthread_create in pthread
[0.969s] -- Looking for pthread_create in pthread - found
[0.970s] -- Found Threads: TRUE  
[1.073s] -- Found rclpy: 1.0.13 (/opt/ros/foxy/share/rclpy/cmake)
[1.074s] -- Found ackermann_msgs: 2.0.2 (/opt/ros/foxy/share/ackermann_msgs/cmake)
[1.116s] -- Found ament_lint_auto: 0.9.8 (/opt/ros/foxy/share/ament_lint_auto/cmake)
[1.158s] -- Added test 'copyright' to check source files copyright and LICENSE
[1.159s] -- Added test 'cppcheck' to perform static code analysis on C / C++ code
[1.159s] -- Configured cppcheck include dirs: /home/angli/lab1_ws/src/lab1_pkg/include
[1.159s] -- Configured cppcheck exclude dirs and/or files: 
[1.159s] -- Added test 'cpplint' to check C / C++ code against the Google style
[1.159s] -- Configured cpplint exclude dirs and/or files: 
[1.160s] -- Added test 'flake8' to check Python code syntax and style conventions
[1.160s] -- Added test 'lint_cmake' to check CMake code style
[1.160s] -- Added test 'pep257' to check Python code against some of the style conventions in PEP 257
[1.161s] -- Added test 'uncrustify' to check C / C++ code style
[1.161s] -- Configured uncrustify additional arguments: 
[1.161s] -- Added test 'xmllint' to check XML markup files
[1.162s] -- Configuring done
[1.167s] -- Generating done
[1.167s] -- Build files have been written to: /home/angli/lab1_ws/build/lab1_pkg
[1.175s] Invoked command in '/home/angli/lab1_ws/build/lab1_pkg' returned '0': CMAKE_PREFIX_PATH=${CMAKE_PREFIX_PATH}:/home/angli/ros2_ws/install/py_pkg:/opt/ros/foxy /usr/bin/cmake /home/angli/lab1_ws/src/lab1_pkg -DCMAKE_INSTALL_PREFIX=/home/angli/lab1_ws/install/lab1_pkg
[1.175s] Invoking command in '/home/angli/lab1_ws/build/lab1_pkg': CMAKE_PREFIX_PATH=${CMAKE_PREFIX_PATH}:/home/angli/ros2_ws/install/py_pkg:/opt/ros/foxy /usr/bin/cmake --build /home/angli/lab1_ws/build/lab1_pkg -- -j16 -l16
[1.204s] [35m[1mScanning dependencies of target talker[0m
[1.279s] [ 50%] [32mBuilding CXX object CMakeFiles/talker.dir/src/talker.cpp.o[0m
[2.991s] [100%] [32m[1mLinking CXX executable talker[0m
[3.090s] [100%] Built target talker
[3.097s] Invoked command in '/home/angli/lab1_ws/build/lab1_pkg' returned '0': CMAKE_PREFIX_PATH=${CMAKE_PREFIX_PATH}:/home/angli/ros2_ws/install/py_pkg:/opt/ros/foxy /usr/bin/cmake --build /home/angli/lab1_ws/build/lab1_pkg -- -j16 -l16
[3.132s] Invoking command in '/home/angli/lab1_ws/build/lab1_pkg': CMAKE_PREFIX_PATH=${CMAKE_PREFIX_PATH}:/home/angli/ros2_ws/install/py_pkg:/opt/ros/foxy /usr/bin/cmake --install /home/angli/lab1_ws/build/lab1_pkg
[3.138s] -- Install configuration: ""
[3.138s] -- Installing: /home/angli/lab1_ws/install/lab1_pkg/lib/lab1_pkg/talker
[3.139s] -- Set runtime path of "/home/angli/lab1_ws/install/lab1_pkg/lib/lab1_pkg/talker" to ""
[3.139s] -- Installing: /home/angli/lab1_ws/install/lab1_pkg/share/lab1_pkg/environment/pythonpath.sh
[3.139s] -- Installing: /home/angli/lab1_ws/install/lab1_pkg/share/lab1_pkg/environment/pythonpath.dsv
[3.139s] -- Installing: /home/angli/lab1_ws/install/lab1_pkg/lib/python3.8/site-packages/lab1_pkg
[3.139s] -- Installing: /home/angli/lab1_ws/install/lab1_pkg/lib/python3.8/site-packages/lab1_pkg/__init__.py
[3.157s] Listing '/home/angli/lab1_ws/install/lab1_pkg/lib/python3.8/site-packages/lab1_pkg'...
[3.158s] Compiling '/home/angli/lab1_ws/install/lab1_pkg/lib/python3.8/site-packages/lab1_pkg/__init__.py'...
[3.160s] -- Installing: /home/angli/lab1_ws/install/lab1_pkg/lib/lab1_pkg/relay.py
[3.160s] -- Installing: /home/angli/lab1_ws/install/lab1_pkg/share/lab1_pkg/launch
[3.160s] -- Installing: /home/angli/lab1_ws/install/lab1_pkg/share/lab1_pkg/launch/__pycache__
[3.160s] -- Installing: /home/angli/lab1_ws/install/lab1_pkg/share/lab1_pkg/launch/__pycache__/lab1_launch.cpython-38.pyc
[3.160s] -- Installing: /home/angli/lab1_ws/install/lab1_pkg/share/lab1_pkg/launch/lab1_launch.py
[3.160s] -- Installing: /home/angli/lab1_ws/install/lab1_pkg/share/ament_index/resource_index/package_run_dependencies/lab1_pkg
[3.160s] -- Installing: /home/angli/lab1_ws/install/lab1_pkg/share/ament_index/resource_index/parent_prefix_path/lab1_pkg
[3.160s] -- Installing: /home/angli/lab1_ws/install/lab1_pkg/share/lab1_pkg/environment/ament_prefix_path.sh
[3.161s] -- Installing: /home/angli/lab1_ws/install/lab1_pkg/share/lab1_pkg/environment/ament_prefix_path.dsv
[3.161s] -- Installing: /home/angli/lab1_ws/install/lab1_pkg/share/lab1_pkg/environment/path.sh
[3.161s] -- Installing: /home/angli/lab1_ws/install/lab1_pkg/share/lab1_pkg/environment/path.dsv
[3.161s] -- Installing: /home/angli/lab1_ws/install/lab1_pkg/share/lab1_pkg/local_setup.bash
[3.161s] -- Installing: /home/angli/lab1_ws/install/lab1_pkg/share/lab1_pkg/local_setup.sh
[3.161s] -- Installing: /home/angli/lab1_ws/install/lab1_pkg/share/lab1_pkg/local_setup.zsh
[3.161s] -- Installing: /home/angli/lab1_ws/install/lab1_pkg/share/lab1_pkg/local_setup.dsv
[3.161s] -- Installing: /home/angli/lab1_ws/install/lab1_pkg/share/lab1_pkg/package.dsv
[3.161s] -- Installing: /home/angli/lab1_ws/install/lab1_pkg/share/ament_index/resource_index/packages/lab1_pkg
[3.161s] -- Installing: /home/angli/lab1_ws/install/lab1_pkg/share/lab1_pkg/cmake/lab1_pkgConfig.cmake
[3.161s] -- Installing: /home/angli/lab1_ws/install/lab1_pkg/share/lab1_pkg/cmake/lab1_pkgConfig-version.cmake
[3.161s] -- Installing: /home/angli/lab1_ws/install/lab1_pkg/share/lab1_pkg/package.xml
[3.162s] Invoked command in '/home/angli/lab1_ws/build/lab1_pkg' returned '0': CMAKE_PREFIX_PATH=${CMAKE_PREFIX_PATH}:/home/angli/ros2_ws/install/py_pkg:/opt/ros/foxy /usr/bin/cmake --install /home/angli/lab1_ws/build/lab1_pkg
