[0.088s] Invoking command in '/home/angli/lab1_ws/build/lab1_pkg': CMAKE_PREFIX_PATH=${CMAKE_PREFIX_PATH}:/opt/ros/foxy /usr/bin/cmake --build /home/angli/lab1_ws/build/lab1_pkg -- -j16 -l16
[0.119s] -- Found ament_cmake: 0.9.12 (/opt/ros/foxy/share/ament_cmake/cmake)
[0.136s] -- Using PYTHON_EXECUTABLE: /usr/bin/python3
[0.240s] -- Found rclcpp: 2.4.3 (/opt/ros/foxy/share/rclcpp/cmake)
[0.265s] -- Using all available rosidl_typesupport_c: rosidl_typesupport_fastrtps_c;rosidl_typesupport_introspection_c
[0.268s] -- Found rosidl_adapter: 1.3.1 (/opt/ros/foxy/share/rosidl_adapter/cmake)
[0.346s] -- Using all available rosidl_typesupport_cpp: rosidl_typesupport_fastrtps_cpp;rosidl_typesupport_introspection_cpp
[0.379s] -- Found rmw_implementation_cmake: 1.0.4 (/opt/ros/foxy/share/rmw_implementation_cmake/cmake)
[0.380s] -- Using RMW implementation 'rmw_fastrtps_cpp' as default
[0.470s] -- Found rclpy: 1.0.13 (/opt/ros/foxy/share/rclpy/cmake)
[0.471s] -- Found ament_lint_auto: 0.9.8 (/opt/ros/foxy/share/ament_lint_auto/cmake)
[0.511s] -- Added test 'copyright' to check source files copyright and LICENSE
[0.512s] -- Added test 'cppcheck' to perform static code analysis on C / C++ code
[0.512s] -- Configured cppcheck include dirs: /home/angli/lab1_ws/src/lab1_pkg/include
[0.512s] -- Configured cppcheck exclude dirs and/or files: 
[0.512s] -- Added test 'cpplint' to check C / C++ code against the Google style
[0.512s] -- Configured cpplint exclude dirs and/or files: 
[0.512s] -- Added test 'flake8' to check Python code syntax and style conventions
[0.513s] -- Added test 'lint_cmake' to check CMake code style
[0.513s] -- Added test 'pep257' to check Python code against some of the style conventions in PEP 257
[0.513s] -- Added test 'uncrustify' to check C / C++ code style
[0.514s] -- Configured uncrustify additional arguments: 
[0.514s] -- Added test 'xmllint' to check XML markup files
[0.515s] -- Configuring done
[0.521s] -- Generating done
[0.522s] -- Build files have been written to: /home/angli/lab1_ws/build/lab1_pkg
[0.542s] [35m[1mScanning dependencies of target cpp_executable[0m
[0.559s] [ 50%] [32mBuilding CXX object CMakeFiles/cpp_executable.dir/src/talker.cpp.o[0m
[2.150s] [100%] [32m[1mLinking CXX executable cpp_executable[0m
[2.264s] [100%] Built target cpp_executable
[2.273s] Invoked command in '/home/angli/lab1_ws/build/lab1_pkg' returned '0': CMAKE_PREFIX_PATH=${CMAKE_PREFIX_PATH}:/opt/ros/foxy /usr/bin/cmake --build /home/angli/lab1_ws/build/lab1_pkg -- -j16 -l16
[2.304s] Invoking command in '/home/angli/lab1_ws/build/lab1_pkg': CMAKE_PREFIX_PATH=${CMAKE_PREFIX_PATH}:/opt/ros/foxy /usr/bin/cmake --install /home/angli/lab1_ws/build/lab1_pkg
[2.310s] -- Install configuration: ""
[2.310s] -- Installing: /home/angli/lab1_ws/install/lab1_pkg/lib/lab1_pkg/cpp_executable
[2.310s] -- Set runtime path of "/home/angli/lab1_ws/install/lab1_pkg/lib/lab1_pkg/cpp_executable" to ""
[2.310s] -- Up-to-date: /home/angli/lab1_ws/install/lab1_pkg/share/lab1_pkg/environment/pythonpath.sh
[2.311s] -- Installing: /home/angli/lab1_ws/install/lab1_pkg/share/lab1_pkg/environment/pythonpath.dsv
[2.311s] -- Up-to-date: /home/angli/lab1_ws/install/lab1_pkg/lib/python3.8/site-packages/lab1_pkg
[2.311s] -- Installing: /home/angli/lab1_ws/install/lab1_pkg/lib/python3.8/site-packages/lab1_pkg/module_to_import.py
[2.311s] -- Up-to-date: /home/angli/lab1_ws/install/lab1_pkg/lib/python3.8/site-packages/lab1_pkg/__init__.py
[2.328s] Listing '/home/angli/lab1_ws/install/lab1_pkg/lib/python3.8/site-packages/lab1_pkg'...
[2.328s] Compiling '/home/angli/lab1_ws/install/lab1_pkg/lib/python3.8/site-packages/lab1_pkg/module_to_import.py'...
[2.330s] -- Installing: /home/angli/lab1_ws/install/lab1_pkg/lib/lab1_pkg/relay.py
[2.330s] -- Installing: /home/angli/lab1_ws/install/lab1_pkg/share/ament_index/resource_index/package_run_dependencies/lab1_pkg
[2.331s] -- Installing: /home/angli/lab1_ws/install/lab1_pkg/share/ament_index/resource_index/parent_prefix_path/lab1_pkg
[2.331s] -- Up-to-date: /home/angli/lab1_ws/install/lab1_pkg/share/lab1_pkg/environment/ament_prefix_path.sh
[2.331s] -- Installing: /home/angli/lab1_ws/install/lab1_pkg/share/lab1_pkg/environment/ament_prefix_path.dsv
[2.331s] -- Up-to-date: /home/angli/lab1_ws/install/lab1_pkg/share/lab1_pkg/environment/path.sh
[2.331s] -- Installing: /home/angli/lab1_ws/install/lab1_pkg/share/lab1_pkg/environment/path.dsv
[2.331s] -- Up-to-date: /home/angli/lab1_ws/install/lab1_pkg/share/lab1_pkg/local_setup.bash
[2.331s] -- Up-to-date: /home/angli/lab1_ws/install/lab1_pkg/share/lab1_pkg/local_setup.sh
[2.331s] -- Up-to-date: /home/angli/lab1_ws/install/lab1_pkg/share/lab1_pkg/local_setup.zsh
[2.331s] -- Installing: /home/angli/lab1_ws/install/lab1_pkg/share/lab1_pkg/local_setup.dsv
[2.331s] -- Installing: /home/angli/lab1_ws/install/lab1_pkg/share/lab1_pkg/package.dsv
[2.331s] -- Up-to-date: /home/angli/lab1_ws/install/lab1_pkg/share/ament_index/resource_index/packages/lab1_pkg
[2.331s] -- Up-to-date: /home/angli/lab1_ws/install/lab1_pkg/share/lab1_pkg/cmake/lab1_pkgConfig.cmake
[2.332s] -- Up-to-date: /home/angli/lab1_ws/install/lab1_pkg/share/lab1_pkg/cmake/lab1_pkgConfig-version.cmake
[2.332s] -- Installing: /home/angli/lab1_ws/install/lab1_pkg/share/lab1_pkg/package.xml
[2.332s] Invoked command in '/home/angli/lab1_ws/build/lab1_pkg' returned '0': CMAKE_PREFIX_PATH=${CMAKE_PREFIX_PATH}:/opt/ros/foxy /usr/bin/cmake --install /home/angli/lab1_ws/build/lab1_pkg
