[0.105s] Invoking command in '/home/angli/lab1_ws/build/lab1_pkg': CMAKE_PREFIX_PATH=${CMAKE_PREFIX_PATH}:/home/angli/ros2_ws/install/py_pkg:/opt/ros/foxy /usr/bin/cmake --build /home/angli/lab1_ws/build/lab1_pkg -- -j16 -l16
[0.153s] [100%] Built target talker
[0.161s] Invoked command in '/home/angli/lab1_ws/build/lab1_pkg' returned '0': CMAKE_PREFIX_PATH=${CMAKE_PREFIX_PATH}:/home/angli/ros2_ws/install/py_pkg:/opt/ros/foxy /usr/bin/cmake --build /home/angli/lab1_ws/build/lab1_pkg -- -j16 -l16
[0.197s] Invoking command in '/home/angli/lab1_ws/build/lab1_pkg': CMAKE_PREFIX_PATH=${CMAKE_PREFIX_PATH}:/home/angli/ros2_ws/install/py_pkg:/opt/ros/foxy /usr/bin/cmake --install /home/angli/lab1_ws/build/lab1_pkg
[0.203s] -- Install configuration: ""
[0.203s] -- Up-to-date: /home/angli/lab1_ws/install/lab1_pkg/lib/lab1_pkg/talker
[0.203s] -- Up-to-date: /home/angli/lab1_ws/install/lab1_pkg/share/lab1_pkg/environment/pythonpath.sh
[0.203s] -- Up-to-date: /home/angli/lab1_ws/install/lab1_pkg/share/lab1_pkg/environment/pythonpath.dsv
[0.203s] -- Up-to-date: /home/angli/lab1_ws/install/lab1_pkg/lib/python3.8/site-packages/lab1_pkg
[0.203s] -- Up-to-date: /home/angli/lab1_ws/install/lab1_pkg/lib/python3.8/site-packages/lab1_pkg/__init__.py
[0.221s] Listing '/home/angli/lab1_ws/install/lab1_pkg/lib/python3.8/site-packages/lab1_pkg'...
[0.224s] -- Up-to-date: /home/angli/lab1_ws/install/lab1_pkg/lib/lab1_pkg/relay.py
[0.224s] -- Up-to-date: /home/angli/lab1_ws/install/lab1_pkg/share/lab1_pkg/launch
[0.224s] -- Up-to-date: /home/angli/lab1_ws/install/lab1_pkg/share/lab1_pkg/launch/__pycache__
[0.224s] -- Up-to-date: /home/angli/lab1_ws/install/lab1_pkg/share/lab1_pkg/launch/__pycache__/lab1_launch.cpython-38.pyc
[0.224s] -- Up-to-date: /home/angli/lab1_ws/install/lab1_pkg/share/lab1_pkg/launch/lab1_launch.py
[0.224s] -- Up-to-date: /home/angli/lab1_ws/install/lab1_pkg/share/ament_index/resource_index/package_run_dependencies/lab1_pkg
[0.224s] -- Up-to-date: /home/angli/lab1_ws/install/lab1_pkg/share/ament_index/resource_index/parent_prefix_path/lab1_pkg
[0.224s] -- Up-to-date: /home/angli/lab1_ws/install/lab1_pkg/share/lab1_pkg/environment/ament_prefix_path.sh
[0.224s] -- Up-to-date: /home/angli/lab1_ws/install/lab1_pkg/share/lab1_pkg/environment/ament_prefix_path.dsv
[0.224s] -- Up-to-date: /home/angli/lab1_ws/install/lab1_pkg/share/lab1_pkg/environment/path.sh
[0.224s] -- Up-to-date: /home/angli/lab1_ws/install/lab1_pkg/share/lab1_pkg/environment/path.dsv
[0.224s] -- Up-to-date: /home/angli/lab1_ws/install/lab1_pkg/share/lab1_pkg/local_setup.bash
[0.224s] -- Up-to-date: /home/angli/lab1_ws/install/lab1_pkg/share/lab1_pkg/local_setup.sh
[0.224s] -- Up-to-date: /home/angli/lab1_ws/install/lab1_pkg/share/lab1_pkg/local_setup.zsh
[0.224s] -- Up-to-date: /home/angli/lab1_ws/install/lab1_pkg/share/lab1_pkg/local_setup.dsv
[0.224s] -- Installing: /home/angli/lab1_ws/install/lab1_pkg/share/lab1_pkg/package.dsv
[0.224s] -- Up-to-date: /home/angli/lab1_ws/install/lab1_pkg/share/ament_index/resource_index/packages/lab1_pkg
[0.224s] -- Up-to-date: /home/angli/lab1_ws/install/lab1_pkg/share/lab1_pkg/cmake/lab1_pkgConfig.cmake
[0.224s] -- Up-to-date: /home/angli/lab1_ws/install/lab1_pkg/share/lab1_pkg/cmake/lab1_pkgConfig-version.cmake
[0.224s] -- Up-to-date: /home/angli/lab1_ws/install/lab1_pkg/share/lab1_pkg/package.xml
[0.225s] Invoked command in '/home/angli/lab1_ws/build/lab1_pkg' returned '0': CMAKE_PREFIX_PATH=${CMAKE_PREFIX_PATH}:/home/angli/ros2_ws/install/py_pkg:/opt/ros/foxy /usr/bin/cmake --install /home/angli/lab1_ws/build/lab1_pkg
