[0.087s] Invoking command in '/home/angli/lab1_ws/build/lab1_pkg': CMAKE_PREFIX_PATH=${CMAKE_PREFIX_PATH}:/opt/ros/foxy /usr/bin/cmake --build /home/angli/lab1_ws/build/lab1_pkg -- -j16 -l16
[0.117s] [35m[1mScanning dependencies of target talker[0m
[0.135s] [ 50%] [32mBuilding CXX object CMakeFiles/talker.dir/src/talker.cpp.o[0m
[1.787s] [100%] [32m[1mLinking CXX executable talker[0m
[1.882s] [100%] Built target talker
[1.889s] Invoked command in '/home/angli/lab1_ws/build/lab1_pkg' returned '0': CMAKE_PREFIX_PATH=${CMAKE_PREFIX_PATH}:/opt/ros/foxy /usr/bin/cmake --build /home/angli/lab1_ws/build/lab1_pkg -- -j16 -l16
[1.925s] Invoking command in '/home/angli/lab1_ws/build/lab1_pkg': CMAKE_PREFIX_PATH=${CMAKE_PREFIX_PATH}:/opt/ros/foxy /usr/bin/cmake --install /home/angli/lab1_ws/build/lab1_pkg
[1.931s] -- Install configuration: ""
[1.931s] -- Installing: /home/angli/lab1_ws/install/lab1_pkg/lib/lab1_pkg/talker
[1.931s] -- Set runtime path of "/home/angli/lab1_ws/install/lab1_pkg/lib/lab1_pkg/talker" to ""
[1.931s] -- Up-to-date: /home/angli/lab1_ws/install/lab1_pkg/share/lab1_pkg/environment/pythonpath.sh
[1.931s] -- Up-to-date: /home/angli/lab1_ws/install/lab1_pkg/share/lab1_pkg/environment/pythonpath.dsv
[1.931s] -- Up-to-date: /home/angli/lab1_ws/install/lab1_pkg/lib/python3.8/site-packages/lab1_pkg
[1.931s] -- Up-to-date: /home/angli/lab1_ws/install/lab1_pkg/lib/python3.8/site-packages/lab1_pkg/__init__.py
[1.949s] Listing '/home/angli/lab1_ws/install/lab1_pkg/lib/python3.8/site-packages/lab1_pkg'...
[1.952s] -- Up-to-date: /home/angli/lab1_ws/install/lab1_pkg/lib/lab1_pkg/relay.py
[1.952s] -- Up-to-date: /home/angli/lab1_ws/install/lab1_pkg/share/ament_index/resource_index/package_run_dependencies/lab1_pkg
[1.952s] -- Up-to-date: /home/angli/lab1_ws/install/lab1_pkg/share/ament_index/resource_index/parent_prefix_path/lab1_pkg
[1.952s] -- Up-to-date: /home/angli/lab1_ws/install/lab1_pkg/share/lab1_pkg/environment/ament_prefix_path.sh
[1.952s] -- Up-to-date: /home/angli/lab1_ws/install/lab1_pkg/share/lab1_pkg/environment/ament_prefix_path.dsv
[1.952s] -- Up-to-date: /home/angli/lab1_ws/install/lab1_pkg/share/lab1_pkg/environment/path.sh
[1.952s] -- Up-to-date: /home/angli/lab1_ws/install/lab1_pkg/share/lab1_pkg/environment/path.dsv
[1.952s] -- Up-to-date: /home/angli/lab1_ws/install/lab1_pkg/share/lab1_pkg/local_setup.bash
[1.952s] -- Up-to-date: /home/angli/lab1_ws/install/lab1_pkg/share/lab1_pkg/local_setup.sh
[1.952s] -- Up-to-date: /home/angli/lab1_ws/install/lab1_pkg/share/lab1_pkg/local_setup.zsh
[1.952s] -- Up-to-date: /home/angli/lab1_ws/install/lab1_pkg/share/lab1_pkg/local_setup.dsv
[1.952s] -- Installing: /home/angli/lab1_ws/install/lab1_pkg/share/lab1_pkg/package.dsv
[1.952s] -- Up-to-date: /home/angli/lab1_ws/install/lab1_pkg/share/ament_index/resource_index/packages/lab1_pkg
[1.952s] -- Up-to-date: /home/angli/lab1_ws/install/lab1_pkg/share/lab1_pkg/cmake/lab1_pkgConfig.cmake
[1.952s] -- Up-to-date: /home/angli/lab1_ws/install/lab1_pkg/share/lab1_pkg/cmake/lab1_pkgConfig-version.cmake
[1.952s] -- Up-to-date: /home/angli/lab1_ws/install/lab1_pkg/share/lab1_pkg/package.xml
[1.953s] Invoked command in '/home/angli/lab1_ws/build/lab1_pkg' returned '0': CMAKE_PREFIX_PATH=${CMAKE_PREFIX_PATH}:/opt/ros/foxy /usr/bin/cmake --install /home/angli/lab1_ws/build/lab1_pkg
