[1.082s] DEBUG:colcon:Command line arguments: ['/usr/bin/colcon', 'build']
[1.082s] DEBUG:colcon:Parsed command line arguments: Namespace(allow_overriding=[], ament_cmake_args=None, base_paths=['.'], build_base='build', catkin_cmake_args=None, catkin_skip_building_tests=False, cmake_args=None, cmake_clean_cache=False, cmake_clean_first=False, cmake_force_configure=False, cmake_target=None, cmake_target_skip_unavailable=False, continue_on_error=False, event_handlers=None, executor='parallel', ignore_user_meta=False, install_base='install', log_base=None, log_level=None, main=<bound method BuildVerb.main of <colcon_core.verb.build.BuildVerb object at 0x7f1d9e99e700>>, merge_install=False, metas=['./colcon.meta'], packages_above=None, packages_above_and_dependencies=None, packages_above_depth=None, packages_end=None, packages_ignore=None, packages_ignore_regex=None, packages_select=None, packages_select_build_failed=False, packages_select_by_dep=None, packages_select_regex=None, packages_select_test_failures=False, packages_skip=None, packages_skip_build_finished=False, packages_skip_by_dep=None, packages_skip_regex=None, packages_skip_test_passed=False, packages_skip_up_to=None, packages_start=None, packages_up_to=None, packages_up_to_regex=None, parallel_workers=16, paths=None, symlink_install=False, test_result_base=None, verb_extension=<colcon_core.verb.build.BuildVerb object at 0x7f1d9e99e700>, verb_name='build', verb_parser=<colcon_defaults.argument_parser.defaults.DefaultArgumentsDecorator object at 0x7f1d9e99e280>)
[1.131s] Level 1:colcon.colcon_core.package_discovery:discover_packages(colcon_meta) check parameters
[1.131s] Level 1:colcon.colcon_core.package_discovery:discover_packages(recursive) check parameters
[1.131s] Level 1:colcon.colcon_core.package_discovery:discover_packages(ignore) check parameters
[1.131s] Level 1:colcon.colcon_core.package_discovery:discover_packages(path) check parameters
[1.131s] Level 1:colcon.colcon_core.package_discovery:discover_packages(colcon_meta) discover
[1.131s] Level 1:colcon.colcon_core.package_discovery:discover_packages(recursive) discover
[1.131s] INFO:colcon.colcon_core.package_discovery:Crawling recursively for packages in '/home/angli/lab1_ws'
[1.131s] Level 1:colcon.colcon_core.package_identification:_identify(.) by extensions ['ignore', 'ignore_ament_install']
[1.131s] Level 1:colcon.colcon_core.package_identification:_identify(.) by extension 'ignore'
[1.131s] Level 1:colcon.colcon_core.package_identification:_identify(.) by extension 'ignore_ament_install'
[1.131s] Level 1:colcon.colcon_core.package_identification:_identify(.) by extensions ['colcon_pkg']
[1.131s] Level 1:colcon.colcon_core.package_identification:_identify(.) by extension 'colcon_pkg'
[1.131s] Level 1:colcon.colcon_core.package_identification:_identify(.) by extensions ['colcon_meta']
[1.131s] Level 1:colcon.colcon_core.package_identification:_identify(.) by extension 'colcon_meta'
[1.131s] Level 1:colcon.colcon_core.package_identification:_identify(.) by extensions ['ros']
[1.131s] Level 1:colcon.colcon_core.package_identification:_identify(.) by extension 'ros'
[1.138s] Level 1:colcon.colcon_core.package_identification:_identify(.) by extensions ['cmake', 'python']
[1.138s] Level 1:colcon.colcon_core.package_identification:_identify(.) by extension 'cmake'
[1.138s] Level 1:colcon.colcon_core.package_identification:_identify(.) by extension 'python'
[1.138s] Level 1:colcon.colcon_core.package_identification:_identify(.) by extensions ['python_setup_py']
[1.138s] Level 1:colcon.colcon_core.package_identification:_identify(.) by extension 'python_setup_py'
[1.138s] Level 1:colcon.colcon_core.package_identification:_identify(build) by extensions ['ignore', 'ignore_ament_install']
[1.138s] Level 1:colcon.colcon_core.package_identification:_identify(build) by extension 'ignore'
[1.138s] Level 1:colcon.colcon_core.package_identification:_identify(build) ignored
[1.138s] Level 1:colcon.colcon_core.package_identification:_identify(install) by extensions ['ignore', 'ignore_ament_install']
[1.138s] Level 1:colcon.colcon_core.package_identification:_identify(install) by extension 'ignore'
[1.138s] Level 1:colcon.colcon_core.package_identification:_identify(install) ignored
[1.138s] Level 1:colcon.colcon_core.package_identification:_identify(log) by extensions ['ignore', 'ignore_ament_install']
[1.138s] Level 1:colcon.colcon_core.package_identification:_identify(log) by extension 'ignore'
[1.138s] Level 1:colcon.colcon_core.package_identification:_identify(log) ignored
[1.138s] Level 1:colcon.colcon_core.package_identification:_identify(src) by extensions ['ignore', 'ignore_ament_install']
[1.138s] Level 1:colcon.colcon_core.package_identification:_identify(src) by extension 'ignore'
[1.138s] Level 1:colcon.colcon_core.package_identification:_identify(src) by extension 'ignore_ament_install'
[1.138s] Level 1:colcon.colcon_core.package_identification:_identify(src) by extensions ['colcon_pkg']
[1.138s] Level 1:colcon.colcon_core.package_identification:_identify(src) by extension 'colcon_pkg'
[1.138s] Level 1:colcon.colcon_core.package_identification:_identify(src) by extensions ['colcon_meta']
[1.138s] Level 1:colcon.colcon_core.package_identification:_identify(src) by extension 'colcon_meta'
[1.139s] Level 1:colcon.colcon_core.package_identification:_identify(src) by extensions ['ros']
[1.139s] Level 1:colcon.colcon_core.package_identification:_identify(src) by extension 'ros'
[1.139s] Level 1:colcon.colcon_core.package_identification:_identify(src) by extensions ['cmake', 'python']
[1.139s] Level 1:colcon.colcon_core.package_identification:_identify(src) by extension 'cmake'
[1.139s] Level 1:colcon.colcon_core.package_identification:_identify(src) by extension 'python'
[1.139s] Level 1:colcon.colcon_core.package_identification:_identify(src) by extensions ['python_setup_py']
[1.139s] Level 1:colcon.colcon_core.package_identification:_identify(src) by extension 'python_setup_py'
[1.139s] Level 1:colcon.colcon_core.package_identification:_identify(src/lab1_pkg) by extensions ['ignore', 'ignore_ament_install']
[1.139s] Level 1:colcon.colcon_core.package_identification:_identify(src/lab1_pkg) by extension 'ignore'
[1.139s] Level 1:colcon.colcon_core.package_identification:_identify(src/lab1_pkg) by extension 'ignore_ament_install'
[1.139s] Level 1:colcon.colcon_core.package_identification:_identify(src/lab1_pkg) by extensions ['colcon_pkg']
[1.139s] Level 1:colcon.colcon_core.package_identification:_identify(src/lab1_pkg) by extension 'colcon_pkg'
[1.139s] Level 1:colcon.colcon_core.package_identification:_identify(src/lab1_pkg) by extensions ['colcon_meta']
[1.139s] Level 1:colcon.colcon_core.package_identification:_identify(src/lab1_pkg) by extension 'colcon_meta'
[1.139s] Level 1:colcon.colcon_core.package_identification:_identify(src/lab1_pkg) by extensions ['ros']
[1.139s] Level 1:colcon.colcon_core.package_identification:_identify(src/lab1_pkg) by extension 'ros'
[1.140s] DEBUG:colcon.colcon_core.package_identification:Package 'src/lab1_pkg' with type 'ros.ament_cmake' and name 'lab1_pkg'
[1.140s] Level 1:colcon.colcon_core.package_discovery:discover_packages(recursive) using defaults
[1.140s] Level 1:colcon.colcon_core.package_discovery:discover_packages(ignore) discover
[1.140s] Level 1:colcon.colcon_core.package_discovery:discover_packages(ignore) using defaults
[1.140s] Level 1:colcon.colcon_core.package_discovery:discover_packages(path) discover
[1.140s] Level 1:colcon.colcon_core.package_discovery:discover_packages(path) using defaults
[1.248s] Level 1:colcon.colcon_core.package_discovery:discover_packages(prefix_path) check parameters
[1.248s] Level 1:colcon.colcon_core.package_discovery:discover_packages(prefix_path) discover
[1.285s] DEBUG:colcon.colcon_installed_package_information.package_discovery:Found 0 installed packages in /home/angli/lab1_ws/install
[1.303s] DEBUG:colcon.colcon_installed_package_information.package_discovery:Found 263 installed packages in /opt/ros/foxy
[1.304s] Level 1:colcon.colcon_core.package_discovery:discover_packages(prefix_path) using defaults
[1.383s] Level 5:colcon.colcon_core.verb:set package 'lab1_pkg' build argument 'cmake_args' from command line to 'None'
[1.383s] Level 5:colcon.colcon_core.verb:set package 'lab1_pkg' build argument 'cmake_target' from command line to 'None'
[1.383s] Level 5:colcon.colcon_core.verb:set package 'lab1_pkg' build argument 'cmake_target_skip_unavailable' from command line to 'False'
[1.383s] Level 5:colcon.colcon_core.verb:set package 'lab1_pkg' build argument 'cmake_clean_cache' from command line to 'False'
[1.383s] Level 5:colcon.colcon_core.verb:set package 'lab1_pkg' build argument 'cmake_clean_first' from command line to 'False'
[1.383s] Level 5:colcon.colcon_core.verb:set package 'lab1_pkg' build argument 'cmake_force_configure' from command line to 'False'
[1.383s] Level 5:colcon.colcon_core.verb:set package 'lab1_pkg' build argument 'ament_cmake_args' from command line to 'None'
[1.383s] Level 5:colcon.colcon_core.verb:set package 'lab1_pkg' build argument 'catkin_cmake_args' from command line to 'None'
[1.383s] Level 5:colcon.colcon_core.verb:set package 'lab1_pkg' build argument 'catkin_skip_building_tests' from command line to 'False'
[1.383s] DEBUG:colcon.colcon_core.verb:Building package 'lab1_pkg' with the following arguments: {'ament_cmake_args': None, 'build_base': '/home/angli/lab1_ws/build/lab1_pkg', 'catkin_cmake_args': None, 'catkin_skip_building_tests': False, 'cmake_args': None, 'cmake_clean_cache': False, 'cmake_clean_first': False, 'cmake_force_configure': False, 'cmake_target': None, 'cmake_target_skip_unavailable': False, 'install_base': '/home/angli/lab1_ws/install/lab1_pkg', 'merge_install': False, 'path': '/home/angli/lab1_ws/src/lab1_pkg', 'symlink_install': False, 'test_result_base': None}
[1.407s] INFO:colcon.colcon_core.executor:Executing jobs using 'parallel' executor
[1.427s] DEBUG:colcon.colcon_parallel_executor.executor.parallel:run_until_complete
[1.428s] INFO:colcon.colcon_ros.task.ament_cmake.build:Building ROS package in '/home/angli/lab1_ws/src/lab1_pkg' with build type 'ament_cmake'
[1.428s] INFO:colcon.colcon_cmake.task.cmake.build:Building CMake package in '/home/angli/lab1_ws/src/lab1_pkg'
[1.449s] INFO:colcon.colcon_core.plugin_system:Skipping extension 'colcon_core.shell.bat': Not used on non-Windows systems
[1.450s] INFO:colcon.colcon_core.shell:Skip shell extension 'powershell' for command environment: Not usable outside of PowerShell
[1.450s] DEBUG:colcon.colcon_core.shell:Skip shell extension 'dsv' for command environment
[1.514s] DEBUG:colcon.colcon_core.event_handler.log_command:Invoking command in '/home/angli/lab1_ws/build/lab1_pkg': CMAKE_PREFIX_PATH=/opt/ros/foxy /usr/bin/cmake /home/angli/lab1_ws/src/lab1_pkg -DCMAKE_INSTALL_PREFIX=/home/angli/lab1_ws/install/lab1_pkg
[2.627s] DEBUG:colcon.colcon_core.event_handler.log_command:Invoked command in '/home/angli/lab1_ws/build/lab1_pkg' returned '0': CMAKE_PREFIX_PATH=/opt/ros/foxy /usr/bin/cmake /home/angli/lab1_ws/src/lab1_pkg -DCMAKE_INSTALL_PREFIX=/home/angli/lab1_ws/install/lab1_pkg
[2.629s] DEBUG:colcon.colcon_core.event_handler.log_command:Invoking command in '/home/angli/lab1_ws/build/lab1_pkg': CMAKE_PREFIX_PATH=/opt/ros/foxy /usr/bin/cmake --build /home/angli/lab1_ws/build/lab1_pkg -- -j16 -l16
[3.636s] DEBUG:colcon.colcon_core.event_handler.log_command:Invoked command in '/home/angli/lab1_ws/build/lab1_pkg' returned '0': CMAKE_PREFIX_PATH=/opt/ros/foxy /usr/bin/cmake --build /home/angli/lab1_ws/build/lab1_pkg -- -j16 -l16
[3.668s] DEBUG:colcon.colcon_core.event_handler.log_command:Invoking command in '/home/angli/lab1_ws/build/lab1_pkg': CMAKE_PREFIX_PATH=/opt/ros/foxy /usr/bin/cmake --install /home/angli/lab1_ws/build/lab1_pkg
[3.697s] Level 1:colcon.colcon_core.environment:create_environment_scripts_only(lab1_pkg)
[3.697s] DEBUG:colcon.colcon_core.event_handler.log_command:Invoked command in '/home/angli/lab1_ws/build/lab1_pkg' returned '0': CMAKE_PREFIX_PATH=/opt/ros/foxy /usr/bin/cmake --install /home/angli/lab1_ws/build/lab1_pkg
[3.720s] Level 1:colcon.colcon_core.environment:checking '/home/angli/lab1_ws/install/lab1_pkg' for CMake module files
[3.721s] Level 1:colcon.colcon_core.environment:checking '/home/angli/lab1_ws/install/lab1_pkg' for CMake config files
[3.721s] Level 1:colcon.colcon_core.shell:create_environment_hook('lab1_pkg', 'cmake_prefix_path')
[3.741s] INFO:colcon.colcon_core.shell:Creating environment hook '/home/angli/lab1_ws/install/lab1_pkg/share/lab1_pkg/hook/cmake_prefix_path.ps1'
[3.741s] INFO:colcon.colcon_core.shell:Creating environment descriptor '/home/angli/lab1_ws/install/lab1_pkg/share/lab1_pkg/hook/cmake_prefix_path.dsv'
[3.741s] INFO:colcon.colcon_core.shell:Creating environment hook '/home/angli/lab1_ws/install/lab1_pkg/share/lab1_pkg/hook/cmake_prefix_path.sh'
[3.742s] Level 1:colcon.colcon_core.environment:checking '/home/angli/lab1_ws/install/lab1_pkg/lib'
[3.742s] Level 1:colcon.colcon_core.environment:checking '/home/angli/lab1_ws/install/lab1_pkg/bin'
[3.742s] Level 1:colcon.colcon_core.environment:checking '/home/angli/lab1_ws/install/lab1_pkg/lib/pkgconfig/lab1_pkg.pc'
[3.742s] Level 1:colcon.colcon_core.environment:checking '/home/angli/lab1_ws/install/lab1_pkg/lib/python3.8/site-packages'
[3.742s] Level 1:colcon.colcon_core.shell:create_environment_hook('lab1_pkg', 'pythonpath')
[3.763s] INFO:colcon.colcon_core.shell:Creating environment hook '/home/angli/lab1_ws/install/lab1_pkg/share/lab1_pkg/hook/pythonpath.ps1'
[3.763s] INFO:colcon.colcon_core.shell:Creating environment descriptor '/home/angli/lab1_ws/install/lab1_pkg/share/lab1_pkg/hook/pythonpath.dsv'
[3.763s] INFO:colcon.colcon_core.shell:Creating environment hook '/home/angli/lab1_ws/install/lab1_pkg/share/lab1_pkg/hook/pythonpath.sh'
[3.763s] Level 1:colcon.colcon_core.environment:checking '/home/angli/lab1_ws/install/lab1_pkg/bin'
[3.784s] INFO:colcon.colcon_core.shell:Creating package script '/home/angli/lab1_ws/install/lab1_pkg/share/lab1_pkg/package.ps1'
[3.784s] INFO:colcon.colcon_core.shell:Creating package descriptor '/home/angli/lab1_ws/install/lab1_pkg/share/lab1_pkg/package.dsv'
[3.785s] INFO:colcon.colcon_core.shell:Creating package script '/home/angli/lab1_ws/install/lab1_pkg/share/lab1_pkg/package.sh'
[3.785s] INFO:colcon.colcon_core.shell:Creating package script '/home/angli/lab1_ws/install/lab1_pkg/share/lab1_pkg/package.bash'
[3.785s] INFO:colcon.colcon_core.shell:Creating package script '/home/angli/lab1_ws/install/lab1_pkg/share/lab1_pkg/package.zsh'
[3.786s] Level 1:colcon.colcon_core.environment:create_file_with_runtime_dependencies(/home/angli/lab1_ws/install/lab1_pkg/share/colcon-core/packages/lab1_pkg)
[3.832s] Level 1:colcon.colcon_core.environment:create_environment_scripts_only(lab1_pkg)
[3.851s] Level 1:colcon.colcon_core.environment:checking '/home/angli/lab1_ws/install/lab1_pkg' for CMake module files
[3.852s] Level 1:colcon.colcon_core.environment:checking '/home/angli/lab1_ws/install/lab1_pkg' for CMake config files
[3.852s] Level 1:colcon.colcon_core.shell:create_environment_hook('lab1_pkg', 'cmake_prefix_path')
[3.870s] INFO:colcon.colcon_core.shell:Creating environment hook '/home/angli/lab1_ws/install/lab1_pkg/share/lab1_pkg/hook/cmake_prefix_path.ps1'
[3.871s] INFO:colcon.colcon_core.shell:Creating environment descriptor '/home/angli/lab1_ws/install/lab1_pkg/share/lab1_pkg/hook/cmake_prefix_path.dsv'
[3.871s] INFO:colcon.colcon_core.shell:Creating environment hook '/home/angli/lab1_ws/install/lab1_pkg/share/lab1_pkg/hook/cmake_prefix_path.sh'
[3.871s] Level 1:colcon.colcon_core.environment:checking '/home/angli/lab1_ws/install/lab1_pkg/lib'
[3.871s] Level 1:colcon.colcon_core.environment:checking '/home/angli/lab1_ws/install/lab1_pkg/bin'
[3.871s] Level 1:colcon.colcon_core.environment:checking '/home/angli/lab1_ws/install/lab1_pkg/lib/pkgconfig/lab1_pkg.pc'
[3.871s] Level 1:colcon.colcon_core.environment:checking '/home/angli/lab1_ws/install/lab1_pkg/lib/python3.8/site-packages'
[3.871s] Level 1:colcon.colcon_core.shell:create_environment_hook('lab1_pkg', 'pythonpath')
[3.890s] INFO:colcon.colcon_core.shell:Creating environment hook '/home/angli/lab1_ws/install/lab1_pkg/share/lab1_pkg/hook/pythonpath.ps1'
[3.890s] INFO:colcon.colcon_core.shell:Creating environment descriptor '/home/angli/lab1_ws/install/lab1_pkg/share/lab1_pkg/hook/pythonpath.dsv'
[3.890s] INFO:colcon.colcon_core.shell:Creating environment hook '/home/angli/lab1_ws/install/lab1_pkg/share/lab1_pkg/hook/pythonpath.sh'
[3.890s] Level 1:colcon.colcon_core.environment:checking '/home/angli/lab1_ws/install/lab1_pkg/bin'
[3.910s] INFO:colcon.colcon_core.shell:Creating package script '/home/angli/lab1_ws/install/lab1_pkg/share/lab1_pkg/package.ps1'
[3.910s] INFO:colcon.colcon_core.shell:Creating package descriptor '/home/angli/lab1_ws/install/lab1_pkg/share/lab1_pkg/package.dsv'
[3.910s] INFO:colcon.colcon_core.shell:Creating package script '/home/angli/lab1_ws/install/lab1_pkg/share/lab1_pkg/package.sh'
[3.910s] INFO:colcon.colcon_core.shell:Creating package script '/home/angli/lab1_ws/install/lab1_pkg/share/lab1_pkg/package.bash'
[3.911s] INFO:colcon.colcon_core.shell:Creating package script '/home/angli/lab1_ws/install/lab1_pkg/share/lab1_pkg/package.zsh'
[3.911s] Level 1:colcon.colcon_core.environment:create_file_with_runtime_dependencies(/home/angli/lab1_ws/install/lab1_pkg/share/colcon-core/packages/lab1_pkg)
[3.911s] DEBUG:colcon.colcon_parallel_executor.executor.parallel:closing loop
[3.911s] DEBUG:colcon.colcon_parallel_executor.executor.parallel:loop closed
[3.911s] DEBUG:colcon.colcon_parallel_executor.executor.parallel:run_until_complete finished with '0'
[3.911s] DEBUG:colcon.colcon_core.event_reactor:joining thread
[3.935s] INFO:colcon.colcon_core.plugin_system:Skipping extension 'colcon_notification.desktop_notification.terminal_notifier': Not used on non-Darwin systems
[3.935s] INFO:colcon.colcon_core.plugin_system:Skipping extension 'colcon_notification.desktop_notification.win32': Not used on non-Windows systems
[3.935s] INFO:colcon.colcon_notification.desktop_notification:Sending desktop notification using 'notify2'
[3.946s] DEBUG:colcon.colcon_core.event_reactor:joined thread
[3.971s] INFO:colcon.colcon_core.shell:Creating prefix script '/home/angli/lab1_ws/install/local_setup.ps1'
[3.971s] INFO:colcon.colcon_core.shell:Creating prefix util module '/home/angli/lab1_ws/install/_local_setup_util_ps1.py'
[3.972s] INFO:colcon.colcon_core.shell:Creating prefix chain script '/home/angli/lab1_ws/install/setup.ps1'
[3.992s] INFO:colcon.colcon_core.shell:Creating prefix script '/home/angli/lab1_ws/install/local_setup.sh'
[3.992s] INFO:colcon.colcon_core.shell:Creating prefix util module '/home/angli/lab1_ws/install/_local_setup_util_sh.py'
[3.992s] INFO:colcon.colcon_core.shell:Creating prefix chain script '/home/angli/lab1_ws/install/setup.sh'
[4.012s] INFO:colcon.colcon_core.shell:Creating prefix script '/home/angli/lab1_ws/install/local_setup.bash'
[4.012s] INFO:colcon.colcon_core.shell:Creating prefix chain script '/home/angli/lab1_ws/install/setup.bash'
[4.031s] INFO:colcon.colcon_core.shell:Creating prefix script '/home/angli/lab1_ws/install/local_setup.zsh'
[4.031s] INFO:colcon.colcon_core.shell:Creating prefix chain script '/home/angli/lab1_ws/install/setup.zsh'
