[1.155s] DEBUG:colcon:Command line arguments: ['/usr/bin/colcon', 'build']
[1.155s] DEBUG:colcon:Parsed command line arguments: Namespace(allow_overriding=[], ament_cmake_args=None, base_paths=['.'], build_base='build', catkin_cmake_args=None, catkin_skip_building_tests=False, cmake_args=None, cmake_clean_cache=False, cmake_clean_first=False, cmake_force_configure=False, cmake_target=None, cmake_target_skip_unavailable=False, continue_on_error=False, event_handlers=None, executor='parallel', ignore_user_meta=False, install_base='install', log_base=None, log_level=None, main=<bound method BuildVerb.main of <colcon_core.verb.build.BuildVerb object at 0x7fae823009d0>>, merge_install=False, metas=['./colcon.meta'], packages_above=None, packages_above_and_dependencies=None, packages_above_depth=None, packages_end=None, packages_ignore=None, packages_ignore_regex=None, packages_select=None, packages_select_build_failed=False, packages_select_by_dep=None, packages_select_regex=None, packages_select_test_failures=False, packages_skip=None, packages_skip_build_finished=False, packages_skip_by_dep=None, packages_skip_regex=None, packages_skip_test_passed=False, packages_skip_up_to=None, packages_start=None, packages_up_to=None, packages_up_to_regex=None, parallel_workers=16, paths=None, symlink_install=False, test_result_base=None, verb_extension=<colcon_core.verb.build.BuildVerb object at 0x7fae823009d0>, verb_name='build', verb_parser=<colcon_defaults.argument_parser.defaults.DefaultArgumentsDecorator object at 0x7fae82300c70>)
[1.212s] Level 1:colcon.colcon_core.package_discovery:discover_packages(colcon_meta) check parameters
[1.213s] Level 1:colcon.colcon_core.package_discovery:discover_packages(recursive) check parameters
[1.213s] Level 1:colcon.colcon_core.package_discovery:discover_packages(ignore) check parameters
[1.213s] Level 1:colcon.colcon_core.package_discovery:discover_packages(path) check parameters
[1.213s] Level 1:colcon.colcon_core.package_discovery:discover_packages(colcon_meta) discover
[1.213s] Level 1:colcon.colcon_core.package_discovery:discover_packages(recursive) discover
[1.213s] INFO:colcon.colcon_core.package_discovery:Crawling recursively for packages in '/home/angli/lab1_ws'
[1.213s] Level 1:colcon.colcon_core.package_identification:_identify(.) by extensions ['ignore', 'ignore_ament_install']
[1.213s] Level 1:colcon.colcon_core.package_identification:_identify(.) by extension 'ignore'
[1.213s] Level 1:colcon.colcon_core.package_identification:_identify(.) by extension 'ignore_ament_install'
[1.213s] Level 1:colcon.colcon_core.package_identification:_identify(.) by extensions ['colcon_pkg']
[1.213s] Level 1:colcon.colcon_core.package_identification:_identify(.) by extension 'colcon_pkg'
[1.213s] Level 1:colcon.colcon_core.package_identification:_identify(.) by extensions ['colcon_meta']
[1.213s] Level 1:colcon.colcon_core.package_identification:_identify(.) by extension 'colcon_meta'
[1.213s] Level 1:colcon.colcon_core.package_identification:_identify(.) by extensions ['ros']
[1.213s] Level 1:colcon.colcon_core.package_identification:_identify(.) by extension 'ros'
[1.219s] Level 1:colcon.colcon_core.package_identification:_identify(.) by extensions ['cmake', 'python']
[1.219s] Level 1:colcon.colcon_core.package_identification:_identify(.) by extension 'cmake'
[1.219s] Level 1:colcon.colcon_core.package_identification:_identify(.) by extension 'python'
[1.219s] Level 1:colcon.colcon_core.package_identification:_identify(.) by extensions ['python_setup_py']
[1.219s] Level 1:colcon.colcon_core.package_identification:_identify(.) by extension 'python_setup_py'
[1.220s] Level 1:colcon.colcon_core.package_identification:_identify(build) by extensions ['ignore', 'ignore_ament_install']
[1.220s] Level 1:colcon.colcon_core.package_identification:_identify(build) by extension 'ignore'
[1.220s] Level 1:colcon.colcon_core.package_identification:_identify(build) ignored
[1.220s] Level 1:colcon.colcon_core.package_identification:_identify(install) by extensions ['ignore', 'ignore_ament_install']
[1.220s] Level 1:colcon.colcon_core.package_identification:_identify(install) by extension 'ignore'
[1.220s] Level 1:colcon.colcon_core.package_identification:_identify(install) ignored
[1.220s] Level 1:colcon.colcon_core.package_identification:_identify(log) by extensions ['ignore', 'ignore_ament_install']
[1.220s] Level 1:colcon.colcon_core.package_identification:_identify(log) by extension 'ignore'
[1.220s] Level 1:colcon.colcon_core.package_identification:_identify(log) ignored
[1.220s] Level 1:colcon.colcon_core.package_identification:_identify(src) by extensions ['ignore', 'ignore_ament_install']
[1.220s] Level 1:colcon.colcon_core.package_identification:_identify(src) by extension 'ignore'
[1.220s] Level 1:colcon.colcon_core.package_identification:_identify(src) by extension 'ignore_ament_install'
[1.220s] Level 1:colcon.colcon_core.package_identification:_identify(src) by extensions ['colcon_pkg']
[1.220s] Level 1:colcon.colcon_core.package_identification:_identify(src) by extension 'colcon_pkg'
[1.220s] Level 1:colcon.colcon_core.package_identification:_identify(src) by extensions ['colcon_meta']
[1.220s] Level 1:colcon.colcon_core.package_identification:_identify(src) by extension 'colcon_meta'
[1.220s] Level 1:colcon.colcon_core.package_identification:_identify(src) by extensions ['ros']
[1.220s] Level 1:colcon.colcon_core.package_identification:_identify(src) by extension 'ros'
[1.220s] Level 1:colcon.colcon_core.package_identification:_identify(src) by extensions ['cmake', 'python']
[1.220s] Level 1:colcon.colcon_core.package_identification:_identify(src) by extension 'cmake'
[1.220s] Level 1:colcon.colcon_core.package_identification:_identify(src) by extension 'python'
[1.220s] Level 1:colcon.colcon_core.package_identification:_identify(src) by extensions ['python_setup_py']
[1.220s] Level 1:colcon.colcon_core.package_identification:_identify(src) by extension 'python_setup_py'
[1.220s] Level 1:colcon.colcon_core.package_identification:_identify(src/lab1_pkg) by extensions ['ignore', 'ignore_ament_install']
[1.220s] Level 1:colcon.colcon_core.package_identification:_identify(src/lab1_pkg) by extension 'ignore'
[1.220s] Level 1:colcon.colcon_core.package_identification:_identify(src/lab1_pkg) by extension 'ignore_ament_install'
[1.220s] Level 1:colcon.colcon_core.package_identification:_identify(src/lab1_pkg) by extensions ['colcon_pkg']
[1.220s] Level 1:colcon.colcon_core.package_identification:_identify(src/lab1_pkg) by extension 'colcon_pkg'
[1.220s] Level 1:colcon.colcon_core.package_identification:_identify(src/lab1_pkg) by extensions ['colcon_meta']
[1.220s] Level 1:colcon.colcon_core.package_identification:_identify(src/lab1_pkg) by extension 'colcon_meta'
[1.220s] Level 1:colcon.colcon_core.package_identification:_identify(src/lab1_pkg) by extensions ['ros']
[1.220s] Level 1:colcon.colcon_core.package_identification:_identify(src/lab1_pkg) by extension 'ros'
[1.222s] DEBUG:colcon.colcon_core.package_identification:Package 'src/lab1_pkg' with type 'ros.ament_cmake' and name 'lab1_pkg'
[1.222s] Level 1:colcon.colcon_core.package_discovery:discover_packages(recursive) using defaults
[1.222s] Level 1:colcon.colcon_core.package_discovery:discover_packages(ignore) discover
[1.222s] Level 1:colcon.colcon_core.package_discovery:discover_packages(ignore) using defaults
[1.222s] Level 1:colcon.colcon_core.package_discovery:discover_packages(path) discover
[1.222s] Level 1:colcon.colcon_core.package_discovery:discover_packages(path) using defaults
[1.327s] Level 1:colcon.colcon_core.package_discovery:discover_packages(prefix_path) check parameters
[1.327s] Level 1:colcon.colcon_core.package_discovery:discover_packages(prefix_path) discover
[1.346s] WARNING:colcon.colcon_ros.prefix_path.ament:The path '/home/angli/lab1_ws/install/lab1_pkg' in the environment variable AMENT_PREFIX_PATH doesn't exist
[1.346s] WARNING:colcon.colcon_ros.prefix_path.catkin:The path '/home/angli/lab1_ws/install/lab1_pkg' in the environment variable CMAKE_PREFIX_PATH doesn't exist
[1.365s] DEBUG:colcon.colcon_installed_package_information.package_discovery:Found 2 installed packages in /home/angli/ros2_ws/install
[1.385s] DEBUG:colcon.colcon_installed_package_information.package_discovery:Found 0 installed packages in /home/angli/lab1_ws/install
[1.405s] DEBUG:colcon.colcon_installed_package_information.package_discovery:Found 264 installed packages in /opt/ros/foxy
[1.405s] Level 1:colcon.colcon_core.package_discovery:discover_packages(prefix_path) using defaults
[1.486s] Level 5:colcon.colcon_core.verb:set package 'lab1_pkg' build argument 'cmake_args' from command line to 'None'
[1.486s] Level 5:colcon.colcon_core.verb:set package 'lab1_pkg' build argument 'cmake_target' from command line to 'None'
[1.486s] Level 5:colcon.colcon_core.verb:set package 'lab1_pkg' build argument 'cmake_target_skip_unavailable' from command line to 'False'
[1.486s] Level 5:colcon.colcon_core.verb:set package 'lab1_pkg' build argument 'cmake_clean_cache' from command line to 'False'
[1.486s] Level 5:colcon.colcon_core.verb:set package 'lab1_pkg' build argument 'cmake_clean_first' from command line to 'False'
[1.486s] Level 5:colcon.colcon_core.verb:set package 'lab1_pkg' build argument 'cmake_force_configure' from command line to 'False'
[1.486s] Level 5:colcon.colcon_core.verb:set package 'lab1_pkg' build argument 'ament_cmake_args' from command line to 'None'
[1.486s] Level 5:colcon.colcon_core.verb:set package 'lab1_pkg' build argument 'catkin_cmake_args' from command line to 'None'
[1.486s] Level 5:colcon.colcon_core.verb:set package 'lab1_pkg' build argument 'catkin_skip_building_tests' from command line to 'False'
[1.486s] DEBUG:colcon.colcon_core.verb:Building package 'lab1_pkg' with the following arguments: {'ament_cmake_args': None, 'build_base': '/home/angli/lab1_ws/build/lab1_pkg', 'catkin_cmake_args': None, 'catkin_skip_building_tests': False, 'cmake_args': None, 'cmake_clean_cache': False, 'cmake_clean_first': False, 'cmake_force_configure': False, 'cmake_target': None, 'cmake_target_skip_unavailable': False, 'install_base': '/home/angli/lab1_ws/install/lab1_pkg', 'merge_install': False, 'path': '/home/angli/lab1_ws/src/lab1_pkg', 'symlink_install': False, 'test_result_base': None}
[1.505s] INFO:colcon.colcon_core.executor:Executing jobs using 'parallel' executor
[1.524s] DEBUG:colcon.colcon_parallel_executor.executor.parallel:run_until_complete
[1.524s] INFO:colcon.colcon_ros.task.ament_cmake.build:Building ROS package in '/home/angli/lab1_ws/src/lab1_pkg' with build type 'ament_cmake'
[1.524s] INFO:colcon.colcon_cmake.task.cmake.build:Building CMake package in '/home/angli/lab1_ws/src/lab1_pkg'
[1.546s] INFO:colcon.colcon_core.plugin_system:Skipping extension 'colcon_core.shell.bat': Not used on non-Windows systems
[1.546s] INFO:colcon.colcon_core.shell:Skip shell extension 'powershell' for command environment: Not usable outside of PowerShell
[1.546s] DEBUG:colcon.colcon_core.shell:Skip shell extension 'dsv' for command environment
[1.631s] DEBUG:colcon.colcon_core.event_handler.log_command:Invoking command in '/home/angli/lab1_ws/build/lab1_pkg': CMAKE_PREFIX_PATH=${CMAKE_PREFIX_PATH}:/home/angli/ros2_ws/install/py_pkg:/opt/ros/foxy /usr/bin/cmake /home/angli/lab1_ws/src/lab1_pkg -DCMAKE_INSTALL_PREFIX=/home/angli/lab1_ws/install/lab1_pkg
[2.699s] DEBUG:colcon.colcon_core.event_handler.log_command:Invoked command in '/home/angli/lab1_ws/build/lab1_pkg' returned '0': CMAKE_PREFIX_PATH=${CMAKE_PREFIX_PATH}:/home/angli/ros2_ws/install/py_pkg:/opt/ros/foxy /usr/bin/cmake /home/angli/lab1_ws/src/lab1_pkg -DCMAKE_INSTALL_PREFIX=/home/angli/lab1_ws/install/lab1_pkg
[2.699s] DEBUG:colcon.colcon_core.event_handler.log_command:Invoking command in '/home/angli/lab1_ws/build/lab1_pkg': CMAKE_PREFIX_PATH=${CMAKE_PREFIX_PATH}:/home/angli/ros2_ws/install/py_pkg:/opt/ros/foxy /usr/bin/cmake --build /home/angli/lab1_ws/build/lab1_pkg -- -j16 -l16
[4.622s] DEBUG:colcon.colcon_core.event_handler.log_command:Invoked command in '/home/angli/lab1_ws/build/lab1_pkg' returned '0': CMAKE_PREFIX_PATH=${CMAKE_PREFIX_PATH}:/home/angli/ros2_ws/install/py_pkg:/opt/ros/foxy /usr/bin/cmake --build /home/angli/lab1_ws/build/lab1_pkg -- -j16 -l16
[4.657s] DEBUG:colcon.colcon_core.event_handler.log_command:Invoking command in '/home/angli/lab1_ws/build/lab1_pkg': CMAKE_PREFIX_PATH=${CMAKE_PREFIX_PATH}:/home/angli/ros2_ws/install/py_pkg:/opt/ros/foxy /usr/bin/cmake --install /home/angli/lab1_ws/build/lab1_pkg
[4.686s] Level 1:colcon.colcon_core.environment:create_environment_scripts_only(lab1_pkg)
[4.687s] DEBUG:colcon.colcon_core.event_handler.log_command:Invoked command in '/home/angli/lab1_ws/build/lab1_pkg' returned '0': CMAKE_PREFIX_PATH=${CMAKE_PREFIX_PATH}:/home/angli/ros2_ws/install/py_pkg:/opt/ros/foxy /usr/bin/cmake --install /home/angli/lab1_ws/build/lab1_pkg
[4.708s] Level 1:colcon.colcon_core.environment:checking '/home/angli/lab1_ws/install/lab1_pkg' for CMake module files
[4.708s] Level 1:colcon.colcon_core.environment:checking '/home/angli/lab1_ws/install/lab1_pkg' for CMake config files
[4.708s] Level 1:colcon.colcon_core.shell:create_environment_hook('lab1_pkg', 'cmake_prefix_path')
[4.727s] INFO:colcon.colcon_core.shell:Creating environment hook '/home/angli/lab1_ws/install/lab1_pkg/share/lab1_pkg/hook/cmake_prefix_path.ps1'
[4.728s] INFO:colcon.colcon_core.shell:Creating environment descriptor '/home/angli/lab1_ws/install/lab1_pkg/share/lab1_pkg/hook/cmake_prefix_path.dsv'
[4.728s] INFO:colcon.colcon_core.shell:Creating environment hook '/home/angli/lab1_ws/install/lab1_pkg/share/lab1_pkg/hook/cmake_prefix_path.sh'
[4.729s] Level 1:colcon.colcon_core.environment:checking '/home/angli/lab1_ws/install/lab1_pkg/lib'
[4.729s] Level 1:colcon.colcon_core.environment:checking '/home/angli/lab1_ws/install/lab1_pkg/bin'
[4.729s] Level 1:colcon.colcon_core.environment:checking '/home/angli/lab1_ws/install/lab1_pkg/lib/pkgconfig/lab1_pkg.pc'
[4.729s] Level 1:colcon.colcon_core.environment:checking '/home/angli/lab1_ws/install/lab1_pkg/lib/python3.8/site-packages'
[4.729s] Level 1:colcon.colcon_core.shell:create_environment_hook('lab1_pkg', 'pythonpath')
[4.748s] INFO:colcon.colcon_core.shell:Creating environment hook '/home/angli/lab1_ws/install/lab1_pkg/share/lab1_pkg/hook/pythonpath.ps1'
[4.749s] INFO:colcon.colcon_core.shell:Creating environment descriptor '/home/angli/lab1_ws/install/lab1_pkg/share/lab1_pkg/hook/pythonpath.dsv'
[4.749s] INFO:colcon.colcon_core.shell:Creating environment hook '/home/angli/lab1_ws/install/lab1_pkg/share/lab1_pkg/hook/pythonpath.sh'
[4.749s] Level 1:colcon.colcon_core.environment:checking '/home/angli/lab1_ws/install/lab1_pkg/bin'
[4.768s] INFO:colcon.colcon_core.shell:Creating package script '/home/angli/lab1_ws/install/lab1_pkg/share/lab1_pkg/package.ps1'
[4.769s] INFO:colcon.colcon_core.shell:Creating package descriptor '/home/angli/lab1_ws/install/lab1_pkg/share/lab1_pkg/package.dsv'
[4.769s] INFO:colcon.colcon_core.shell:Creating package script '/home/angli/lab1_ws/install/lab1_pkg/share/lab1_pkg/package.sh'
[4.770s] INFO:colcon.colcon_core.shell:Creating package script '/home/angli/lab1_ws/install/lab1_pkg/share/lab1_pkg/package.bash'
[4.770s] INFO:colcon.colcon_core.shell:Creating package script '/home/angli/lab1_ws/install/lab1_pkg/share/lab1_pkg/package.zsh'
[4.770s] Level 1:colcon.colcon_core.environment:create_file_with_runtime_dependencies(/home/angli/lab1_ws/install/lab1_pkg/share/colcon-core/packages/lab1_pkg)
[4.817s] Level 1:colcon.colcon_core.environment:create_environment_scripts_only(lab1_pkg)
[4.837s] Level 1:colcon.colcon_core.environment:checking '/home/angli/lab1_ws/install/lab1_pkg' for CMake module files
[4.837s] Level 1:colcon.colcon_core.environment:checking '/home/angli/lab1_ws/install/lab1_pkg' for CMake config files
[4.837s] Level 1:colcon.colcon_core.shell:create_environment_hook('lab1_pkg', 'cmake_prefix_path')
[4.858s] INFO:colcon.colcon_core.shell:Creating environment hook '/home/angli/lab1_ws/install/lab1_pkg/share/lab1_pkg/hook/cmake_prefix_path.ps1'
[4.858s] INFO:colcon.colcon_core.shell:Creating environment descriptor '/home/angli/lab1_ws/install/lab1_pkg/share/lab1_pkg/hook/cmake_prefix_path.dsv'
[4.859s] INFO:colcon.colcon_core.shell:Creating environment hook '/home/angli/lab1_ws/install/lab1_pkg/share/lab1_pkg/hook/cmake_prefix_path.sh'
[4.859s] Level 1:colcon.colcon_core.environment:checking '/home/angli/lab1_ws/install/lab1_pkg/lib'
[4.859s] Level 1:colcon.colcon_core.environment:checking '/home/angli/lab1_ws/install/lab1_pkg/bin'
[4.859s] Level 1:colcon.colcon_core.environment:checking '/home/angli/lab1_ws/install/lab1_pkg/lib/pkgconfig/lab1_pkg.pc'
[4.859s] Level 1:colcon.colcon_core.environment:checking '/home/angli/lab1_ws/install/lab1_pkg/lib/python3.8/site-packages'
[4.859s] Level 1:colcon.colcon_core.shell:create_environment_hook('lab1_pkg', 'pythonpath')
[4.880s] INFO:colcon.colcon_core.shell:Creating environment hook '/home/angli/lab1_ws/install/lab1_pkg/share/lab1_pkg/hook/pythonpath.ps1'
[4.880s] INFO:colcon.colcon_core.shell:Creating environment descriptor '/home/angli/lab1_ws/install/lab1_pkg/share/lab1_pkg/hook/pythonpath.dsv'
[4.880s] INFO:colcon.colcon_core.shell:Creating environment hook '/home/angli/lab1_ws/install/lab1_pkg/share/lab1_pkg/hook/pythonpath.sh'
[4.880s] Level 1:colcon.colcon_core.environment:checking '/home/angli/lab1_ws/install/lab1_pkg/bin'
[4.899s] INFO:colcon.colcon_core.shell:Creating package script '/home/angli/lab1_ws/install/lab1_pkg/share/lab1_pkg/package.ps1'
[4.900s] INFO:colcon.colcon_core.shell:Creating package descriptor '/home/angli/lab1_ws/install/lab1_pkg/share/lab1_pkg/package.dsv'
[4.900s] INFO:colcon.colcon_core.shell:Creating package script '/home/angli/lab1_ws/install/lab1_pkg/share/lab1_pkg/package.sh'
[4.900s] INFO:colcon.colcon_core.shell:Creating package script '/home/angli/lab1_ws/install/lab1_pkg/share/lab1_pkg/package.bash'
[4.901s] INFO:colcon.colcon_core.shell:Creating package script '/home/angli/lab1_ws/install/lab1_pkg/share/lab1_pkg/package.zsh'
[4.901s] Level 1:colcon.colcon_core.environment:create_file_with_runtime_dependencies(/home/angli/lab1_ws/install/lab1_pkg/share/colcon-core/packages/lab1_pkg)
[4.901s] DEBUG:colcon.colcon_parallel_executor.executor.parallel:closing loop
[4.901s] DEBUG:colcon.colcon_parallel_executor.executor.parallel:loop closed
[4.901s] DEBUG:colcon.colcon_parallel_executor.executor.parallel:run_until_complete finished with '0'
[4.901s] DEBUG:colcon.colcon_core.event_reactor:joining thread
[4.924s] INFO:colcon.colcon_core.plugin_system:Skipping extension 'colcon_notification.desktop_notification.terminal_notifier': Not used on non-Darwin systems
[4.924s] INFO:colcon.colcon_core.plugin_system:Skipping extension 'colcon_notification.desktop_notification.win32': Not used on non-Windows systems
[4.924s] INFO:colcon.colcon_notification.desktop_notification:Sending desktop notification using 'notify2'
[4.936s] DEBUG:colcon.colcon_core.event_reactor:joined thread
[4.958s] INFO:colcon.colcon_core.shell:Creating prefix script '/home/angli/lab1_ws/install/local_setup.ps1'
[4.958s] INFO:colcon.colcon_core.shell:Creating prefix util module '/home/angli/lab1_ws/install/_local_setup_util_ps1.py'
[4.959s] INFO:colcon.colcon_core.shell:Creating prefix chain script '/home/angli/lab1_ws/install/setup.ps1'
[4.979s] INFO:colcon.colcon_core.shell:Creating prefix script '/home/angli/lab1_ws/install/local_setup.sh'
[4.979s] INFO:colcon.colcon_core.shell:Creating prefix util module '/home/angli/lab1_ws/install/_local_setup_util_sh.py'
[4.979s] INFO:colcon.colcon_core.shell:Creating prefix chain script '/home/angli/lab1_ws/install/setup.sh'
[4.999s] INFO:colcon.colcon_core.shell:Creating prefix script '/home/angli/lab1_ws/install/local_setup.bash'
[4.999s] INFO:colcon.colcon_core.shell:Creating prefix chain script '/home/angli/lab1_ws/install/setup.bash'
[5.020s] INFO:colcon.colcon_core.shell:Creating prefix script '/home/angli/lab1_ws/install/local_setup.zsh'
[5.020s] INFO:colcon.colcon_core.shell:Creating prefix chain script '/home/angli/lab1_ws/install/setup.zsh'
