[0.089s] Invoking command in '/home/angli/lab1_ws/build/lab1_pkg': CMAKE_PREFIX_PATH=${CMAKE_PREFIX_PATH}:/opt/ros/foxy /usr/bin/cmake --build /home/angli/lab1_ws/build/lab1_pkg -- -j16 -l16
[0.107s] -- Found ament_cmake: 0.9.12 (/opt/ros/foxy/share/ament_cmake/cmake)
[0.123s] -- Using PYTHON_EXECUTABLE: /usr/bin/python3
[0.221s] -- Found rclcpp: 2.4.3 (/opt/ros/foxy/share/rclcpp/cmake)
[0.240s] -- Using all available rosidl_typesupport_c: rosidl_typesupport_fastrtps_c;rosidl_typesupport_introspection_c
[0.241s] -- Found rosidl_adapter: 1.3.1 (/opt/ros/foxy/share/rosidl_adapter/cmake)
[0.311s] -- Using all available rosidl_typesupport_cpp: rosidl_typesupport_fastrtps_cpp;rosidl_typesupport_introspection_cpp
[0.338s] -- Found rmw_implementation_cmake: 1.0.4 (/opt/ros/foxy/share/rmw_implementation_cmake/cmake)
[0.339s] -- Using RMW implementation 'rmw_fastrtps_cpp' as default
[0.419s] -- Found rclpy: 1.0.13 (/opt/ros/foxy/share/rclpy/cmake)
[0.419s] -- Found ackermann_msgs: 2.0.2 (/opt/ros/foxy/share/ackermann_msgs/cmake)
[0.439s] -- Found ament_lint_auto: 0.9.8 (/opt/ros/foxy/share/ament_lint_auto/cmake)
[0.477s] -- Added test 'copyright' to check source files copyright and LICENSE
[0.477s] -- Added test 'cppcheck' to perform static code analysis on C / C++ code
[0.478s] -- Configured cppcheck include dirs: /home/angli/lab1_ws/src/lab1_pkg/include
[0.478s] -- Configured cppcheck exclude dirs and/or files: 
[0.478s] -- Added test 'cpplint' to check C / C++ code against the Google style
[0.478s] -- Configured cpplint exclude dirs and/or files: 
[0.478s] -- Added test 'flake8' to check Python code syntax and style conventions
[0.478s] -- Added test 'lint_cmake' to check CMake code style
[0.478s] -- Added test 'pep257' to check Python code against some of the style conventions in PEP 257
[0.479s] -- Added test 'uncrustify' to check C / C++ code style
[0.479s] -- Configured uncrustify additional arguments: 
[0.479s] -- Added test 'xmllint' to check XML markup files
[0.480s] -- Configuring done
[0.484s] -- Generating done
[0.484s] -- Build files have been written to: /home/angli/lab1_ws/build/lab1_pkg
[0.516s] [ 50%] [32m[1mLinking CXX executable cpp_executable[0m
[0.605s] [100%] Built target cpp_executable
[0.613s] Invoked command in '/home/angli/lab1_ws/build/lab1_pkg' returned '0': CMAKE_PREFIX_PATH=${CMAKE_PREFIX_PATH}:/opt/ros/foxy /usr/bin/cmake --build /home/angli/lab1_ws/build/lab1_pkg -- -j16 -l16
[0.647s] Invoking command in '/home/angli/lab1_ws/build/lab1_pkg': CMAKE_PREFIX_PATH=${CMAKE_PREFIX_PATH}:/opt/ros/foxy /usr/bin/cmake --install /home/angli/lab1_ws/build/lab1_pkg
[0.653s] -- Install configuration: ""
[0.653s] -- Installing: /home/angli/lab1_ws/install/lab1_pkg/lib/lab1_pkg/cpp_executable
[0.654s] -- Set runtime path of "/home/angli/lab1_ws/install/lab1_pkg/lib/lab1_pkg/cpp_executable" to ""
[0.654s] -- Up-to-date: /home/angli/lab1_ws/install/lab1_pkg/share/lab1_pkg/environment/pythonpath.sh
[0.654s] -- Installing: /home/angli/lab1_ws/install/lab1_pkg/share/lab1_pkg/environment/pythonpath.dsv
[0.654s] -- Up-to-date: /home/angli/lab1_ws/install/lab1_pkg/lib/python3.8/site-packages/lab1_pkg
[0.654s] -- Up-to-date: /home/angli/lab1_ws/install/lab1_pkg/lib/python3.8/site-packages/lab1_pkg/module_to_import.py
[0.654s] -- Up-to-date: /home/angli/lab1_ws/install/lab1_pkg/lib/python3.8/site-packages/lab1_pkg/__init__.py
[0.671s] Listing '/home/angli/lab1_ws/install/lab1_pkg/lib/python3.8/site-packages/lab1_pkg'...
[0.673s] -- Up-to-date: /home/angli/lab1_ws/install/lab1_pkg/lib/lab1_pkg/relay.py
[0.674s] -- Installing: /home/angli/lab1_ws/install/lab1_pkg/share/ament_index/resource_index/package_run_dependencies/lab1_pkg
[0.674s] -- Up-to-date: /home/angli/lab1_ws/install/lab1_pkg/share/ament_index/resource_index/parent_prefix_path/lab1_pkg
[0.674s] -- Up-to-date: /home/angli/lab1_ws/install/lab1_pkg/share/lab1_pkg/environment/ament_prefix_path.sh
[0.674s] -- Installing: /home/angli/lab1_ws/install/lab1_pkg/share/lab1_pkg/environment/ament_prefix_path.dsv
[0.674s] -- Up-to-date: /home/angli/lab1_ws/install/lab1_pkg/share/lab1_pkg/environment/path.sh
[0.674s] -- Installing: /home/angli/lab1_ws/install/lab1_pkg/share/lab1_pkg/environment/path.dsv
[0.674s] -- Up-to-date: /home/angli/lab1_ws/install/lab1_pkg/share/lab1_pkg/local_setup.bash
[0.674s] -- Up-to-date: /home/angli/lab1_ws/install/lab1_pkg/share/lab1_pkg/local_setup.sh
[0.674s] -- Up-to-date: /home/angli/lab1_ws/install/lab1_pkg/share/lab1_pkg/local_setup.zsh
[0.674s] -- Installing: /home/angli/lab1_ws/install/lab1_pkg/share/lab1_pkg/local_setup.dsv
[0.674s] -- Installing: /home/angli/lab1_ws/install/lab1_pkg/share/lab1_pkg/package.dsv
[0.674s] -- Up-to-date: /home/angli/lab1_ws/install/lab1_pkg/share/ament_index/resource_index/packages/lab1_pkg
[0.674s] -- Up-to-date: /home/angli/lab1_ws/install/lab1_pkg/share/lab1_pkg/cmake/lab1_pkgConfig.cmake
[0.674s] -- Up-to-date: /home/angli/lab1_ws/install/lab1_pkg/share/lab1_pkg/cmake/lab1_pkgConfig-version.cmake
[0.674s] -- Installing: /home/angli/lab1_ws/install/lab1_pkg/share/lab1_pkg/package.xml
[0.676s] Invoked command in '/home/angli/lab1_ws/build/lab1_pkg' returned '0': CMAKE_PREFIX_PATH=${CMAKE_PREFIX_PATH}:/opt/ros/foxy /usr/bin/cmake --install /home/angli/lab1_ws/build/lab1_pkg
