[1.091s] DEBUG:colcon:Command line arguments: ['/usr/bin/colcon', 'build']
[1.091s] DEBUG:colcon:Parsed command line arguments: Namespace(allow_overriding=[], ament_cmake_args=None, base_paths=['.'], build_base='build', catkin_cmake_args=None, catkin_skip_building_tests=False, cmake_args=None, cmake_clean_cache=False, cmake_clean_first=False, cmake_force_configure=False, cmake_target=None, cmake_target_skip_unavailable=False, continue_on_error=False, event_handlers=None, executor='parallel', ignore_user_meta=False, install_base='install', log_base=None, log_level=None, main=<bound method BuildVerb.main of <colcon_core.verb.build.BuildVerb object at 0x7fe13ceaf8e0>>, merge_install=False, metas=['./colcon.meta'], packages_above=None, packages_above_and_dependencies=None, packages_above_depth=None, packages_end=None, packages_ignore=None, packages_ignore_regex=None, packages_select=None, packages_select_build_failed=False, packages_select_by_dep=None, packages_select_regex=None, packages_select_test_failures=False, packages_skip=None, packages_skip_build_finished=False, packages_skip_by_dep=None, packages_skip_regex=None, packages_skip_test_passed=False, packages_skip_up_to=None, packages_start=None, packages_up_to=None, packages_up_to_regex=None, parallel_workers=16, paths=None, symlink_install=False, test_result_base=None, verb_extension=<colcon_core.verb.build.BuildVerb object at 0x7fe13ceaf8e0>, verb_name='build', verb_parser=<colcon_defaults.argument_parser.defaults.DefaultArgumentsDecorator object at 0x7fe13ceafd30>)
[1.138s] Level 1:colcon.colcon_core.package_discovery:discover_packages(colcon_meta) check parameters
[1.139s] Level 1:colcon.colcon_core.package_discovery:discover_packages(recursive) check parameters
[1.139s] Level 1:colcon.colcon_core.package_discovery:discover_packages(ignore) check parameters
[1.139s] Level 1:colcon.colcon_core.package_discovery:discover_packages(path) check parameters
[1.139s] Level 1:colcon.colcon_core.package_discovery:discover_packages(colcon_meta) discover
[1.139s] Level 1:colcon.colcon_core.package_discovery:discover_packages(recursive) discover
[1.139s] INFO:colcon.colcon_core.package_discovery:Crawling recursively for packages in '/home/angli/lab1_ws'
[1.139s] Level 1:colcon.colcon_core.package_identification:_identify(.) by extensions ['ignore', 'ignore_ament_install']
[1.139s] Level 1:colcon.colcon_core.package_identification:_identify(.) by extension 'ignore'
[1.139s] Level 1:colcon.colcon_core.package_identification:_identify(.) by extension 'ignore_ament_install'
[1.139s] Level 1:colcon.colcon_core.package_identification:_identify(.) by extensions ['colcon_pkg']
[1.139s] Level 1:colcon.colcon_core.package_identification:_identify(.) by extension 'colcon_pkg'
[1.139s] Level 1:colcon.colcon_core.package_identification:_identify(.) by extensions ['colcon_meta']
[1.139s] Level 1:colcon.colcon_core.package_identification:_identify(.) by extension 'colcon_meta'
[1.139s] Level 1:colcon.colcon_core.package_identification:_identify(.) by extensions ['ros']
[1.139s] Level 1:colcon.colcon_core.package_identification:_identify(.) by extension 'ros'
[1.145s] Level 1:colcon.colcon_core.package_identification:_identify(.) by extensions ['cmake', 'python']
[1.145s] Level 1:colcon.colcon_core.package_identification:_identify(.) by extension 'cmake'
[1.145s] Level 1:colcon.colcon_core.package_identification:_identify(.) by extension 'python'
[1.145s] Level 1:colcon.colcon_core.package_identification:_identify(.) by extensions ['python_setup_py']
[1.145s] Level 1:colcon.colcon_core.package_identification:_identify(.) by extension 'python_setup_py'
[1.145s] Level 1:colcon.colcon_core.package_identification:_identify(build) by extensions ['ignore', 'ignore_ament_install']
[1.145s] Level 1:colcon.colcon_core.package_identification:_identify(build) by extension 'ignore'
[1.145s] Level 1:colcon.colcon_core.package_identification:_identify(build) ignored
[1.145s] Level 1:colcon.colcon_core.package_identification:_identify(install) by extensions ['ignore', 'ignore_ament_install']
[1.145s] Level 1:colcon.colcon_core.package_identification:_identify(install) by extension 'ignore'
[1.145s] Level 1:colcon.colcon_core.package_identification:_identify(install) ignored
[1.146s] Level 1:colcon.colcon_core.package_identification:_identify(launch) by extensions ['ignore', 'ignore_ament_install']
[1.146s] Level 1:colcon.colcon_core.package_identification:_identify(launch) by extension 'ignore'
[1.146s] Level 1:colcon.colcon_core.package_identification:_identify(launch) by extension 'ignore_ament_install'
[1.146s] Level 1:colcon.colcon_core.package_identification:_identify(launch) by extensions ['colcon_pkg']
[1.146s] Level 1:colcon.colcon_core.package_identification:_identify(launch) by extension 'colcon_pkg'
[1.146s] Level 1:colcon.colcon_core.package_identification:_identify(launch) by extensions ['colcon_meta']
[1.146s] Level 1:colcon.colcon_core.package_identification:_identify(launch) by extension 'colcon_meta'
[1.146s] Level 1:colcon.colcon_core.package_identification:_identify(launch) by extensions ['ros']
[1.146s] Level 1:colcon.colcon_core.package_identification:_identify(launch) by extension 'ros'
[1.146s] Level 1:colcon.colcon_core.package_identification:_identify(launch) by extensions ['cmake', 'python']
[1.146s] Level 1:colcon.colcon_core.package_identification:_identify(launch) by extension 'cmake'
[1.146s] Level 1:colcon.colcon_core.package_identification:_identify(launch) by extension 'python'
[1.146s] Level 1:colcon.colcon_core.package_identification:_identify(launch) by extensions ['python_setup_py']
[1.146s] Level 1:colcon.colcon_core.package_identification:_identify(launch) by extension 'python_setup_py'
[1.146s] Level 1:colcon.colcon_core.package_identification:_identify(launch/__pycache__) by extensions ['ignore', 'ignore_ament_install']
[1.146s] Level 1:colcon.colcon_core.package_identification:_identify(launch/__pycache__) by extension 'ignore'
[1.146s] Level 1:colcon.colcon_core.package_identification:_identify(launch/__pycache__) by extension 'ignore_ament_install'
[1.146s] Level 1:colcon.colcon_core.package_identification:_identify(launch/__pycache__) by extensions ['colcon_pkg']
[1.146s] Level 1:colcon.colcon_core.package_identification:_identify(launch/__pycache__) by extension 'colcon_pkg'
[1.146s] Level 1:colcon.colcon_core.package_identification:_identify(launch/__pycache__) by extensions ['colcon_meta']
[1.146s] Level 1:colcon.colcon_core.package_identification:_identify(launch/__pycache__) by extension 'colcon_meta'
[1.146s] Level 1:colcon.colcon_core.package_identification:_identify(launch/__pycache__) by extensions ['ros']
[1.146s] Level 1:colcon.colcon_core.package_identification:_identify(launch/__pycache__) by extension 'ros'
[1.146s] Level 1:colcon.colcon_core.package_identification:_identify(launch/__pycache__) by extensions ['cmake', 'python']
[1.146s] Level 1:colcon.colcon_core.package_identification:_identify(launch/__pycache__) by extension 'cmake'
[1.146s] Level 1:colcon.colcon_core.package_identification:_identify(launch/__pycache__) by extension 'python'
[1.146s] Level 1:colcon.colcon_core.package_identification:_identify(launch/__pycache__) by extensions ['python_setup_py']
[1.146s] Level 1:colcon.colcon_core.package_identification:_identify(launch/__pycache__) by extension 'python_setup_py'
[1.146s] Level 1:colcon.colcon_core.package_identification:_identify(log) by extensions ['ignore', 'ignore_ament_install']
[1.146s] Level 1:colcon.colcon_core.package_identification:_identify(log) by extension 'ignore'
[1.146s] Level 1:colcon.colcon_core.package_identification:_identify(log) ignored
[1.146s] Level 1:colcon.colcon_core.package_identification:_identify(src) by extensions ['ignore', 'ignore_ament_install']
[1.146s] Level 1:colcon.colcon_core.package_identification:_identify(src) by extension 'ignore'
[1.146s] Level 1:colcon.colcon_core.package_identification:_identify(src) by extension 'ignore_ament_install'
[1.146s] Level 1:colcon.colcon_core.package_identification:_identify(src) by extensions ['colcon_pkg']
[1.146s] Level 1:colcon.colcon_core.package_identification:_identify(src) by extension 'colcon_pkg'
[1.146s] Level 1:colcon.colcon_core.package_identification:_identify(src) by extensions ['colcon_meta']
[1.146s] Level 1:colcon.colcon_core.package_identification:_identify(src) by extension 'colcon_meta'
[1.146s] Level 1:colcon.colcon_core.package_identification:_identify(src) by extensions ['ros']
[1.146s] Level 1:colcon.colcon_core.package_identification:_identify(src) by extension 'ros'
[1.146s] Level 1:colcon.colcon_core.package_identification:_identify(src) by extensions ['cmake', 'python']
[1.146s] Level 1:colcon.colcon_core.package_identification:_identify(src) by extension 'cmake'
[1.146s] Level 1:colcon.colcon_core.package_identification:_identify(src) by extension 'python'
[1.147s] Level 1:colcon.colcon_core.package_identification:_identify(src) by extensions ['python_setup_py']
[1.147s] Level 1:colcon.colcon_core.package_identification:_identify(src) by extension 'python_setup_py'
[1.147s] Level 1:colcon.colcon_core.package_identification:_identify(src/lab1_pkg) by extensions ['ignore', 'ignore_ament_install']
[1.147s] Level 1:colcon.colcon_core.package_identification:_identify(src/lab1_pkg) by extension 'ignore'
[1.147s] Level 1:colcon.colcon_core.package_identification:_identify(src/lab1_pkg) by extension 'ignore_ament_install'
[1.147s] Level 1:colcon.colcon_core.package_identification:_identify(src/lab1_pkg) by extensions ['colcon_pkg']
[1.147s] Level 1:colcon.colcon_core.package_identification:_identify(src/lab1_pkg) by extension 'colcon_pkg'
[1.147s] Level 1:colcon.colcon_core.package_identification:_identify(src/lab1_pkg) by extensions ['colcon_meta']
[1.147s] Level 1:colcon.colcon_core.package_identification:_identify(src/lab1_pkg) by extension 'colcon_meta'
[1.147s] Level 1:colcon.colcon_core.package_identification:_identify(src/lab1_pkg) by extensions ['ros']
[1.147s] Level 1:colcon.colcon_core.package_identification:_identify(src/lab1_pkg) by extension 'ros'
[1.148s] DEBUG:colcon.colcon_core.package_identification:Package 'src/lab1_pkg' with type 'ros.ament_cmake' and name 'lab1_pkg'
[1.148s] Level 1:colcon.colcon_core.package_discovery:discover_packages(recursive) using defaults
[1.148s] Level 1:colcon.colcon_core.package_discovery:discover_packages(ignore) discover
[1.148s] Level 1:colcon.colcon_core.package_discovery:discover_packages(ignore) using defaults
[1.148s] Level 1:colcon.colcon_core.package_discovery:discover_packages(path) discover
[1.148s] Level 1:colcon.colcon_core.package_discovery:discover_packages(path) using defaults
[1.255s] Level 1:colcon.colcon_core.package_discovery:discover_packages(prefix_path) check parameters
[1.255s] Level 1:colcon.colcon_core.package_discovery:discover_packages(prefix_path) discover
[1.292s] DEBUG:colcon.colcon_installed_package_information.package_discovery:Found 1 installed packages in /home/angli/lab1_ws/install
[1.311s] DEBUG:colcon.colcon_installed_package_information.package_discovery:Found 264 installed packages in /opt/ros/foxy
[1.312s] Level 1:colcon.colcon_core.package_discovery:discover_packages(prefix_path) using defaults
[1.384s] Level 5:colcon.colcon_core.verb:set package 'lab1_pkg' build argument 'cmake_args' from command line to 'None'
[1.384s] Level 5:colcon.colcon_core.verb:set package 'lab1_pkg' build argument 'cmake_target' from command line to 'None'
[1.384s] Level 5:colcon.colcon_core.verb:set package 'lab1_pkg' build argument 'cmake_target_skip_unavailable' from command line to 'False'
[1.384s] Level 5:colcon.colcon_core.verb:set package 'lab1_pkg' build argument 'cmake_clean_cache' from command line to 'False'
[1.384s] Level 5:colcon.colcon_core.verb:set package 'lab1_pkg' build argument 'cmake_clean_first' from command line to 'False'
[1.384s] Level 5:colcon.colcon_core.verb:set package 'lab1_pkg' build argument 'cmake_force_configure' from command line to 'False'
[1.384s] Level 5:colcon.colcon_core.verb:set package 'lab1_pkg' build argument 'ament_cmake_args' from command line to 'None'
[1.384s] Level 5:colcon.colcon_core.verb:set package 'lab1_pkg' build argument 'catkin_cmake_args' from command line to 'None'
[1.384s] Level 5:colcon.colcon_core.verb:set package 'lab1_pkg' build argument 'catkin_skip_building_tests' from command line to 'False'
[1.384s] DEBUG:colcon.colcon_core.verb:Building package 'lab1_pkg' with the following arguments: {'ament_cmake_args': None, 'build_base': '/home/angli/lab1_ws/build/lab1_pkg', 'catkin_cmake_args': None, 'catkin_skip_building_tests': False, 'cmake_args': None, 'cmake_clean_cache': False, 'cmake_clean_first': False, 'cmake_force_configure': False, 'cmake_target': None, 'cmake_target_skip_unavailable': False, 'install_base': '/home/angli/lab1_ws/install/lab1_pkg', 'merge_install': False, 'path': '/home/angli/lab1_ws/src/lab1_pkg', 'symlink_install': False, 'test_result_base': None}
[1.408s] INFO:colcon.colcon_core.executor:Executing jobs using 'parallel' executor
[1.427s] DEBUG:colcon.colcon_parallel_executor.executor.parallel:run_until_complete
[1.428s] INFO:colcon.colcon_ros.task.ament_cmake.build:Building ROS package in '/home/angli/lab1_ws/src/lab1_pkg' with build type 'ament_cmake'
[1.428s] INFO:colcon.colcon_cmake.task.cmake.build:Building CMake package in '/home/angli/lab1_ws/src/lab1_pkg'
[1.448s] INFO:colcon.colcon_core.plugin_system:Skipping extension 'colcon_core.shell.bat': Not used on non-Windows systems
[1.448s] INFO:colcon.colcon_core.shell:Skip shell extension 'powershell' for command environment: Not usable outside of PowerShell
[1.448s] DEBUG:colcon.colcon_core.shell:Skip shell extension 'dsv' for command environment
[1.514s] DEBUG:colcon.colcon_core.event_handler.log_command:Invoking command in '/home/angli/lab1_ws/build/lab1_pkg': CMAKE_PREFIX_PATH=${CMAKE_PREFIX_PATH}:/opt/ros/foxy /usr/bin/cmake --build /home/angli/lab1_ws/build/lab1_pkg -- -j16 -l16
[1.567s] DEBUG:colcon.colcon_core.event_handler.log_command:Invoked command in '/home/angli/lab1_ws/build/lab1_pkg' returned '0': CMAKE_PREFIX_PATH=${CMAKE_PREFIX_PATH}:/opt/ros/foxy /usr/bin/cmake --build /home/angli/lab1_ws/build/lab1_pkg -- -j16 -l16
[1.598s] DEBUG:colcon.colcon_core.event_handler.log_command:Invoking command in '/home/angli/lab1_ws/build/lab1_pkg': CMAKE_PREFIX_PATH=${CMAKE_PREFIX_PATH}:/opt/ros/foxy /usr/bin/cmake --install /home/angli/lab1_ws/build/lab1_pkg
[1.628s] Level 1:colcon.colcon_core.environment:create_environment_scripts_only(lab1_pkg)
[1.628s] DEBUG:colcon.colcon_core.event_handler.log_command:Invoked command in '/home/angli/lab1_ws/build/lab1_pkg' returned '0': CMAKE_PREFIX_PATH=${CMAKE_PREFIX_PATH}:/opt/ros/foxy /usr/bin/cmake --install /home/angli/lab1_ws/build/lab1_pkg
[1.649s] Level 1:colcon.colcon_core.environment:checking '/home/angli/lab1_ws/install/lab1_pkg' for CMake module files
[1.650s] Level 1:colcon.colcon_core.environment:checking '/home/angli/lab1_ws/install/lab1_pkg' for CMake config files
[1.650s] Level 1:colcon.colcon_core.shell:create_environment_hook('lab1_pkg', 'cmake_prefix_path')
[1.669s] INFO:colcon.colcon_core.shell:Creating environment hook '/home/angli/lab1_ws/install/lab1_pkg/share/lab1_pkg/hook/cmake_prefix_path.ps1'
[1.669s] INFO:colcon.colcon_core.shell:Creating environment descriptor '/home/angli/lab1_ws/install/lab1_pkg/share/lab1_pkg/hook/cmake_prefix_path.dsv'
[1.669s] INFO:colcon.colcon_core.shell:Creating environment hook '/home/angli/lab1_ws/install/lab1_pkg/share/lab1_pkg/hook/cmake_prefix_path.sh'
[1.670s] Level 1:colcon.colcon_core.environment:checking '/home/angli/lab1_ws/install/lab1_pkg/lib'
[1.670s] Level 1:colcon.colcon_core.environment:checking '/home/angli/lab1_ws/install/lab1_pkg/bin'
[1.670s] Level 1:colcon.colcon_core.environment:checking '/home/angli/lab1_ws/install/lab1_pkg/lib/pkgconfig/lab1_pkg.pc'
[1.670s] Level 1:colcon.colcon_core.environment:checking '/home/angli/lab1_ws/install/lab1_pkg/lib/python3.8/site-packages'
[1.670s] Level 1:colcon.colcon_core.shell:create_environment_hook('lab1_pkg', 'pythonpath')
[1.689s] INFO:colcon.colcon_core.shell:Creating environment hook '/home/angli/lab1_ws/install/lab1_pkg/share/lab1_pkg/hook/pythonpath.ps1'
[1.689s] INFO:colcon.colcon_core.shell:Creating environment descriptor '/home/angli/lab1_ws/install/lab1_pkg/share/lab1_pkg/hook/pythonpath.dsv'
[1.689s] INFO:colcon.colcon_core.shell:Creating environment hook '/home/angli/lab1_ws/install/lab1_pkg/share/lab1_pkg/hook/pythonpath.sh'
[1.690s] Level 1:colcon.colcon_core.environment:checking '/home/angli/lab1_ws/install/lab1_pkg/bin'
[1.708s] INFO:colcon.colcon_core.shell:Creating package script '/home/angli/lab1_ws/install/lab1_pkg/share/lab1_pkg/package.ps1'
[1.709s] INFO:colcon.colcon_core.shell:Creating package descriptor '/home/angli/lab1_ws/install/lab1_pkg/share/lab1_pkg/package.dsv'
[1.709s] INFO:colcon.colcon_core.shell:Creating package script '/home/angli/lab1_ws/install/lab1_pkg/share/lab1_pkg/package.sh'
[1.710s] INFO:colcon.colcon_core.shell:Creating package script '/home/angli/lab1_ws/install/lab1_pkg/share/lab1_pkg/package.bash'
[1.710s] INFO:colcon.colcon_core.shell:Creating package script '/home/angli/lab1_ws/install/lab1_pkg/share/lab1_pkg/package.zsh'
[1.710s] Level 1:colcon.colcon_core.environment:create_file_with_runtime_dependencies(/home/angli/lab1_ws/install/lab1_pkg/share/colcon-core/packages/lab1_pkg)
[1.757s] Level 1:colcon.colcon_core.environment:create_environment_scripts_only(lab1_pkg)
[1.775s] Level 1:colcon.colcon_core.environment:checking '/home/angli/lab1_ws/install/lab1_pkg' for CMake module files
[1.776s] Level 1:colcon.colcon_core.environment:checking '/home/angli/lab1_ws/install/lab1_pkg' for CMake config files
[1.776s] Level 1:colcon.colcon_core.shell:create_environment_hook('lab1_pkg', 'cmake_prefix_path')
[1.794s] INFO:colcon.colcon_core.shell:Creating environment hook '/home/angli/lab1_ws/install/lab1_pkg/share/lab1_pkg/hook/cmake_prefix_path.ps1'
[1.795s] INFO:colcon.colcon_core.shell:Creating environment descriptor '/home/angli/lab1_ws/install/lab1_pkg/share/lab1_pkg/hook/cmake_prefix_path.dsv'
[1.795s] INFO:colcon.colcon_core.shell:Creating environment hook '/home/angli/lab1_ws/install/lab1_pkg/share/lab1_pkg/hook/cmake_prefix_path.sh'
[1.795s] Level 1:colcon.colcon_core.environment:checking '/home/angli/lab1_ws/install/lab1_pkg/lib'
[1.795s] Level 1:colcon.colcon_core.environment:checking '/home/angli/lab1_ws/install/lab1_pkg/bin'
[1.795s] Level 1:colcon.colcon_core.environment:checking '/home/angli/lab1_ws/install/lab1_pkg/lib/pkgconfig/lab1_pkg.pc'
[1.795s] Level 1:colcon.colcon_core.environment:checking '/home/angli/lab1_ws/install/lab1_pkg/lib/python3.8/site-packages'
[1.795s] Level 1:colcon.colcon_core.shell:create_environment_hook('lab1_pkg', 'pythonpath')
[1.814s] INFO:colcon.colcon_core.shell:Creating environment hook '/home/angli/lab1_ws/install/lab1_pkg/share/lab1_pkg/hook/pythonpath.ps1'
[1.815s] INFO:colcon.colcon_core.shell:Creating environment descriptor '/home/angli/lab1_ws/install/lab1_pkg/share/lab1_pkg/hook/pythonpath.dsv'
[1.815s] INFO:colcon.colcon_core.shell:Creating environment hook '/home/angli/lab1_ws/install/lab1_pkg/share/lab1_pkg/hook/pythonpath.sh'
[1.815s] Level 1:colcon.colcon_core.environment:checking '/home/angli/lab1_ws/install/lab1_pkg/bin'
[1.834s] INFO:colcon.colcon_core.shell:Creating package script '/home/angli/lab1_ws/install/lab1_pkg/share/lab1_pkg/package.ps1'
[1.835s] INFO:colcon.colcon_core.shell:Creating package descriptor '/home/angli/lab1_ws/install/lab1_pkg/share/lab1_pkg/package.dsv'
[1.835s] INFO:colcon.colcon_core.shell:Creating package script '/home/angli/lab1_ws/install/lab1_pkg/share/lab1_pkg/package.sh'
[1.835s] INFO:colcon.colcon_core.shell:Creating package script '/home/angli/lab1_ws/install/lab1_pkg/share/lab1_pkg/package.bash'
[1.835s] INFO:colcon.colcon_core.shell:Creating package script '/home/angli/lab1_ws/install/lab1_pkg/share/lab1_pkg/package.zsh'
[1.835s] Level 1:colcon.colcon_core.environment:create_file_with_runtime_dependencies(/home/angli/lab1_ws/install/lab1_pkg/share/colcon-core/packages/lab1_pkg)
[1.835s] DEBUG:colcon.colcon_parallel_executor.executor.parallel:closing loop
[1.836s] DEBUG:colcon.colcon_parallel_executor.executor.parallel:loop closed
[1.836s] DEBUG:colcon.colcon_parallel_executor.executor.parallel:run_until_complete finished with '0'
[1.836s] DEBUG:colcon.colcon_core.event_reactor:joining thread
[1.859s] INFO:colcon.colcon_core.plugin_system:Skipping extension 'colcon_notification.desktop_notification.terminal_notifier': Not used on non-Darwin systems
[1.859s] INFO:colcon.colcon_core.plugin_system:Skipping extension 'colcon_notification.desktop_notification.win32': Not used on non-Windows systems
[1.859s] INFO:colcon.colcon_notification.desktop_notification:Sending desktop notification using 'notify2'
[1.870s] DEBUG:colcon.colcon_core.event_reactor:joined thread
[1.892s] INFO:colcon.colcon_core.shell:Creating prefix script '/home/angli/lab1_ws/install/local_setup.ps1'
[1.893s] INFO:colcon.colcon_core.shell:Creating prefix util module '/home/angli/lab1_ws/install/_local_setup_util_ps1.py'
[1.893s] INFO:colcon.colcon_core.shell:Creating prefix chain script '/home/angli/lab1_ws/install/setup.ps1'
[1.913s] INFO:colcon.colcon_core.shell:Creating prefix script '/home/angli/lab1_ws/install/local_setup.sh'
[1.913s] INFO:colcon.colcon_core.shell:Creating prefix util module '/home/angli/lab1_ws/install/_local_setup_util_sh.py'
[1.914s] INFO:colcon.colcon_core.shell:Creating prefix chain script '/home/angli/lab1_ws/install/setup.sh'
[1.933s] INFO:colcon.colcon_core.shell:Creating prefix script '/home/angli/lab1_ws/install/local_setup.bash'
[1.933s] INFO:colcon.colcon_core.shell:Creating prefix chain script '/home/angli/lab1_ws/install/setup.bash'
[1.952s] INFO:colcon.colcon_core.shell:Creating prefix script '/home/angli/lab1_ws/install/local_setup.zsh'
[1.953s] INFO:colcon.colcon_core.shell:Creating prefix chain script '/home/angli/lab1_ws/install/setup.zsh'
